::ffff:127.0.0.1 - - [30/Mar/2019:23:08:27 +0000] "GET /api/books HTTP/1.1" 200 419 "-" "Mozilla/5.0 (Windows NT 10.0; Win64; x64) AppleWebKit/537.36 (KHTML, like Gecko) Chrome/73.0.3683.86 Safari/537.36"
::1 - - [30/Mar/2019:23:12:22 +0000] "GET /api/genres HTTP/1.1" 200 235 "-" "PostmanRuntime/7.6.1"
::1 - - [30/Mar/2019:23:12:50 +0000] "GET /api/genres HTTP/1.1" 200 235 "-" "PostmanRuntime/7.6.1"
::1 - - [31/Mar/2019:05:43:41 +0000] "GET /api/books HTTP/1.1" 200 419 "-" "Mozilla/5.0 (Windows NT 10.0; Win64; x64) AppleWebKit/537.36 (KHTML, like Gecko) Chrome/73.0.3683.86 Safari/537.36"
::1 - - [31/Mar/2019:05:43:41 +0000] "GET /favicon.ico HTTP/1.1" 404 150 "http://localhost:6500/api/books" "Mozilla/5.0 (Windows NT 10.0; Win64; x64) AppleWebKit/537.36 (KHTML, like Gecko) Chrome/73.0.3683.86 Safari/537.36"
::1 - - [31/Mar/2019:18:14:29 +0000] "GET /api/books HTTP/1.1" 200 419 "-" "Mozilla/5.0 (Windows NT 10.0; Win64; x64) AppleWebKit/537.36 (KHTML, like Gecko) Chrome/73.0.3683.86 Safari/537.36"
::1 - - [31/Mar/2019:18:14:29 +0000] "GET /favicon.ico HTTP/1.1" 404 150 "http://localhost:6500/api/books" "Mozilla/5.0 (Windows NT 10.0; Win64; x64) AppleWebKit/537.36 (KHTML, like Gecko) Chrome/73.0.3683.86 Safari/537.36"
::1 - - [31/Mar/2019:18:28:34 +0000] "POST /api/books HTTP/1.1" 400 19 "-" "PostmanRuntime/7.6.1"
::1 - - [31/Mar/2019:18:36:08 +0000] "GET /api/genres HTTP/1.1" 200 235 "-" "Mozilla/5.0 (Windows NT 10.0; Win64; x64) AppleWebKit/537.36 (KHTML, like Gecko) Chrome/73.0.3683.86 Safari/537.36"
::1 - - [31/Mar/2019:18:38:49 +0000] "POST /api/books HTTP/1.1" 404 149 "-" "PostmanRuntime/7.6.1"
::1 - - [31/Mar/2019:18:41:05 +0000] "POST /api/books/ HTTP/1.1" 404 150 "-" "PostmanRuntime/7.6.1"
::1 - - [31/Mar/2019:18:44:46 +0000] "POST /api/books/ HTTP/1.1" 404 150 "-" "PostmanRuntime/7.6.1"
::1 - - [31/Mar/2019:18:47:15 +0000] "POST /api/books/ HTTP/1.1" 404 150 "-" "PostmanRuntime/7.6.1"
::1 - - [31/Mar/2019:18:48:49 +0000] "POST /api/books/ HTTP/1.1" 404 150 "-" "PostmanRuntime/7.6.1"
::1 - - [31/Mar/2019:18:54:06 +0000] "POST /api/books/ HTTP/1.1" 404 150 "-" "PostmanRuntime/7.6.1"
::1 - - [31/Mar/2019:18:59:38 +0000] "POST /api/books/ HTTP/1.1" 200 242 "-" "PostmanRuntime/7.6.1"
::1 - - [31/Mar/2019:19:02:00 +0000] "GET /api/books HTTP/1.1" 200 662 "-" "Mozilla/5.0 (Windows NT 10.0; Win64; x64) AppleWebKit/537.36 (KHTML, like Gecko) Chrome/73.0.3683.86 Safari/537.36"
::1 - - [31/Mar/2019:19:49:38 +0000] "POST /api/books/ HTTP/1.1" 404 150 "-" "PostmanRuntime/7.6.1"
::1 - - [31/Mar/2019:19:55:20 +0000] "POST /api/books/ HTTP/1.1" 404 150 "-" "PostmanRuntime/7.6.1"
::1 - - [31/Mar/2019:19:55:50 +0000] "POST /api/books/ HTTP/1.1" 404 150 "-" "PostmanRuntime/7.6.1"
::1 - - [31/Mar/2019:20:00:28 +0000] "POST /api/books/ HTTP/1.1" 404 150 "-" "PostmanRuntime/7.6.1"
::1 - - [31/Mar/2019:20:03:46 +0000] "POST /api/books/ HTTP/1.1" 404 150 "-" "PostmanRuntime/7.6.1"
::1 - - [31/Mar/2019:20:04:41 +0000] "POST /api/books/ HTTP/1.1" 404 150 "-" "PostmanRuntime/7.6.1"
::1 - - [31/Mar/2019:20:08:05 +0000] "POST /api/books/ HTTP/1.1" 404 150 "-" "PostmanRuntime/7.6.1"
::1 - - [31/Mar/2019:20:12:09 +0000] "POST /api/books/ HTTP/1.1" 404 19 "-" "PostmanRuntime/7.6.1"
::1 - - [31/Mar/2019:20:21:41 +0000] "GET /api/books HTTP/1.1" 304 - "-" "Mozilla/5.0 (Windows NT 10.0; Win64; x64) AppleWebKit/537.36 (KHTML, like Gecko) Chrome/73.0.3683.86 Safari/537.36"
::1 - - [31/Mar/2019:20:21:44 +0000] "GET /api/books HTTP/1.1" 304 - "-" "Mozilla/5.0 (Windows NT 10.0; Win64; x64) AppleWebKit/537.36 (KHTML, like Gecko) Chrome/73.0.3683.86 Safari/537.36"
::1 - - [31/Mar/2019:20:21:44 +0000] "GET /api/books HTTP/1.1" 304 - "-" "Mozilla/5.0 (Windows NT 10.0; Win64; x64) AppleWebKit/537.36 (KHTML, like Gecko) Chrome/73.0.3683.86 Safari/537.36"
::1 - - [31/Mar/2019:20:22:10 +0000] "POST /api/books/ HTTP/1.1" 404 19 "-" "PostmanRuntime/7.6.1"
::1 - - [31/Mar/2019:20:43:28 +0000] "POST /api/books/ HTTP/1.1" 404 19 "-" "PostmanRuntime/7.6.1"
::1 - - [31/Mar/2019:23:17:26 +0000] "POST /api/books/ HTTP/1.1" 404 19 "-" "PostmanRuntime/7.6.1"
::1 - - [31/Mar/2019:23:17:55 +0000] "POST /api/books/ HTTP/1.1" 404 19 "-" "PostmanRuntime/7.6.1"
::1 - - [31/Mar/2019:23:18:21 +0000] "POST /api/books/ HTTP/1.1" 404 19 "-" "PostmanRuntime/7.6.1"
::1 - - [31/Mar/2019:23:18:53 +0000] "POST /api/books/ HTTP/1.1" 404 150 "-" "PostmanRuntime/7.6.1"
::1 - - [31/Mar/2019:23:19:59 +0000] "POST /api/books/ HTTP/1.1" 404 19 "-" "PostmanRuntime/7.6.1"
::1 - - [31/Mar/2019:23:38:21 +0000] "POST /api/books/ HTTP/1.1" 404 19 "-" "PostmanRuntime/7.6.1"
::1 - - [31/Mar/2019:23:44:58 +0000] "GET /uploads HTTP/1.1" 301 181 "-" "Mozilla/5.0 (Windows NT 10.0; Win64; x64) AppleWebKit/537.36 (KHTML, like Gecko) Chrome/73.0.3683.86 Safari/537.36"
::1 - - [31/Mar/2019:23:44:58 +0000] "GET /uploads/ HTTP/1.1" 404 147 "-" "Mozilla/5.0 (Windows NT 10.0; Win64; x64) AppleWebKit/537.36 (KHTML, like Gecko) Chrome/73.0.3683.86 Safari/537.36"
::1 - - [31/Mar/2019:23:45:20 +0000] "POST /api/books/ HTTP/1.1" 404 19 "-" "PostmanRuntime/7.6.1"
::1 - - [31/Mar/2019:23:45:26 +0000] "POST /api/books/ HTTP/1.1" 404 19 "-" "PostmanRuntime/7.6.1"
::1 - - [31/Mar/2019:23:48:13 +0000] "POST /api/books/ HTTP/1.1" 404 19 "-" "PostmanRuntime/7.6.1"
::1 - - [31/Mar/2019:23:52:24 +0000] "GET /uploads/ HTTP/1.1" 404 147 "-" "Mozilla/5.0 (Windows NT 10.0; Win64; x64) AppleWebKit/537.36 (KHTML, like Gecko) Chrome/73.0.3683.86 Safari/537.36"
::1 - - [31/Mar/2019:23:52:25 +0000] "GET /uploads/ HTTP/1.1" 404 147 "-" "Mozilla/5.0 (Windows NT 10.0; Win64; x64) AppleWebKit/537.36 (KHTML, like Gecko) Chrome/73.0.3683.86 Safari/537.36"
::1 - - [31/Mar/2019:23:54:05 +0000] "POST /api/books/ HTTP/1.1" 404 19 "-" "PostmanRuntime/7.6.1"
::1 - - [31/Mar/2019:23:54:20 +0000] "POST /api/books/ HTTP/1.1" 404 19 "-" "PostmanRuntime/7.6.1"
::1 - - [31/Mar/2019:23:57:02 +0000] "POST /api/books/ HTTP/1.1" 400 21 "-" "PostmanRuntime/7.6.1"
::1 - - [31/Mar/2019:23:57:15 +0000] "POST /api/books/ HTTP/1.1" 404 19 "-" "PostmanRuntime/7.6.1"
::1 - - [31/Mar/2019:23:57:34 +0000] "GET /api/genres HTTP/1.1" 200 235 "-" "Mozilla/5.0 (Windows NT 10.0; Win64; x64) AppleWebKit/537.36 (KHTML, like Gecko) Chrome/73.0.3683.86 Safari/537.36"
::1 - - [31/Mar/2019:23:57:59 +0000] "POST /api/books/ HTTP/1.1" 400 112 "-" "PostmanRuntime/7.6.1"
::1 - - [31/Mar/2019:23:58:26 +0000] "POST /api/books/ HTTP/1.1" 200 290 "-" "PostmanRuntime/7.6.1"
::1 - - [31/Mar/2019:23:59:25 +0000] "GET /uploads/ HTTP/1.1" 404 147 "-" "Mozilla/5.0 (Windows NT 10.0; Win64; x64) AppleWebKit/537.36 (KHTML, like Gecko) Chrome/73.0.3683.86 Safari/537.36"
::1 - - [31/Mar/2019:23:59:31 +0000] "GET /uploads/uploads/1554076706146artbook.jpg HTTP/1.1" 404 179 "-" "Mozilla/5.0 (Windows NT 10.0; Win64; x64) AppleWebKit/537.36 (KHTML, like Gecko) Chrome/73.0.3683.86 Safari/537.36"
::1 - - [31/Mar/2019:23:59:38 +0000] "GET /uploads/1554076706146artbook.jpg HTTP/1.1" 200 48277 "-" "Mozilla/5.0 (Windows NT 10.0; Win64; x64) AppleWebKit/537.36 (KHTML, like Gecko) Chrome/73.0.3683.86 Safari/537.36"
::1 - - [01/Apr/2019:00:37:16 +0000] "POST /api/books/ HTTP/1.1" 200 290 "-" "PostmanRuntime/7.6.1"
::1 - - [01/Apr/2019:00:47:05 +0000] "GET /uploads/ HTTP/1.1" 404 147 "-" "Mozilla/5.0 (Windows NT 10.0; Win64; x64) AppleWebKit/537.36 (KHTML, like Gecko) Chrome/73.0.3683.86 Safari/537.36"
::1 - - [01/Apr/2019:00:47:09 +0000] "GET /uploads/ HTTP/1.1" 404 147 "-" "Mozilla/5.0 (Windows NT 10.0; Win64; x64) AppleWebKit/537.36 (KHTML, like Gecko) Chrome/73.0.3683.86 Safari/537.36"
::1 - - [01/Apr/2019:00:47:14 +0000] "GET /uploads/1554076706146artbook.jpg HTTP/1.1" 200 48277 "-" "Mozilla/5.0 (Windows NT 10.0; Win64; x64) AppleWebKit/537.36 (KHTML, like Gecko) Chrome/73.0.3683.86 Safari/537.36"
::1 - - [01/Apr/2019:03:48:55 +0000] "POST /api/users HTTP/1.1" 400 48 "-" "PostmanRuntime/7.6.1"
::1 - - [01/Apr/2019:03:49:07 +0000] "POST /api/users HTTP/1.1" 400 52 "-" "PostmanRuntime/7.6.1"
::1 - - [01/Apr/2019:03:49:16 +0000] "POST /api/users HTTP/1.1" 400 24 "-" "PostmanRuntime/7.6.1"
::1 - - [01/Apr/2019:03:50:12 +0000] "POST /api/users HTTP/1.1" 400 24 "-" "PostmanRuntime/7.6.1"
::1 - - [01/Apr/2019:03:50:27 +0000] "POST /api/users HTTP/1.1" 400 24 "-" "PostmanRuntime/7.6.1"
::1 - - [01/Apr/2019:03:51:14 +0000] "POST /api/users HTTP/1.1" 400 24 "-" "PostmanRuntime/7.6.1"
::1 - - [01/Apr/2019:03:52:16 +0000] "POST /api/users HTTP/1.1" 404 149 "-" "PostmanRuntime/7.6.1"
::1 - - [01/Apr/2019:03:53:01 +0000] "POST /api/users HTTP/1.1" 404 149 "-" "PostmanRuntime/7.6.1"
::1 - - [01/Apr/2019:03:53:43 +0000] "POST /api/users HTTP/1.1" 200 84 "-" "PostmanRuntime/7.6.1"
::1 - - [01/Apr/2019:03:55:06 +0000] "POST /api/users HTTP/1.1" 200 85 "-" "PostmanRuntime/7.6.1"
::1 - - [01/Apr/2019:03:57:18 +0000] "POST /api/users HTTP/1.1" 400 26 "-" "PostmanRuntime/7.6.1"
::1 - - [01/Apr/2019:03:57:26 +0000] "POST /api/users HTTP/1.1" 200 86 "-" "PostmanRuntime/7.6.1"
::1 - - [01/Apr/2019:03:58:50 +0000] "POST /api/users HTTP/1.1" 400 26 "-" "PostmanRuntime/7.6.1"
::1 - - [01/Apr/2019:03:58:59 +0000] "POST /api/users HTTP/1.1" 404 149 "-" "PostmanRuntime/7.6.1"
::1 - - [01/Apr/2019:03:59:46 +0000] "POST /api/users HTTP/1.1" 404 149 "-" "PostmanRuntime/7.6.1"
::1 - - [01/Apr/2019:04:00:43 +0000] "POST /api/users HTTP/1.1" 404 149 "-" "PostmanRuntime/7.6.1"
::1 - - [01/Apr/2019:04:01:07 +0000] "GET /api/customers HTTP/1.1" 200 470 "-" "Mozilla/5.0 (Windows NT 10.0; Win64; x64) AppleWebKit/537.36 (KHTML, like Gecko) Chrome/73.0.3683.86 Safari/537.36"
::1 - - [01/Apr/2019:04:01:36 +0000] "POST /api/users HTTP/1.1" 404 149 "-" "PostmanRuntime/7.6.1"
::1 - - [01/Apr/2019:04:02:07 +0000] "POST /api/users HTTP/1.1" 404 149 "-" "PostmanRuntime/7.6.1"
::1 - - [01/Apr/2019:04:03:08 +0000] "POST /api/users HTTP/1.1" 404 149 "-" "PostmanRuntime/7.6.1"
::1 - - [01/Apr/2019:04:03:20 +0000] "POST /api/users HTTP/1.1" 404 149 "-" "PostmanRuntime/7.6.1"
::1 - - [01/Apr/2019:04:03:43 +0000] "POST /api/users HTTP/1.1" 404 149 "-" "PostmanRuntime/7.6.1"
::1 - - [01/Apr/2019:04:04:25 +0000] "POST /api/users HTTP/1.1" 404 149 "-" "PostmanRuntime/7.6.1"
::1 - - [01/Apr/2019:04:07:06 +0000] "POST /api/users HTTP/1.1" 200 87 "-" "PostmanRuntime/7.6.1"
::1 - - [01/Apr/2019:04:07:13 +0000] "POST /api/users HTTP/1.1" 400 26 "-" "PostmanRuntime/7.6.1"
::1 - - [01/Apr/2019:04:07:21 +0000] "POST /api/users HTTP/1.1" 200 85 "-" "PostmanRuntime/7.6.1"
::1 - - [01/Apr/2019:04:07:37 +0000] "POST /api/users HTTP/1.1" 400 26 "-" "PostmanRuntime/7.6.1"
::1 - - [01/Apr/2019:04:07:43 +0000] "POST /api/users HTTP/1.1" 200 84 "-" "PostmanRuntime/7.6.1"
::1 - - [01/Apr/2019:04:41:25 +0000] "POST /api/users HTTP/1.1" 400 29 "-" "PostmanRuntime/7.6.1"
::1 - - [01/Apr/2019:04:41:38 +0000] "POST /api/users HTTP/1.1" 400 29 "-" "PostmanRuntime/7.6.1"
::1 - - [01/Apr/2019:04:43:35 +0000] "POST /api/users HTTP/1.1" 404 149 "-" "PostmanRuntime/7.6.1"
::1 - - [01/Apr/2019:04:45:11 +0000] "POST /api/users HTTP/1.1" 400 26 "-" "PostmanRuntime/7.6.1"
::1 - - [01/Apr/2019:04:45:16 +0000] "POST /api/users HTTP/1.1" 200 82 "-" "PostmanRuntime/7.6.1"
::1 - - [01/Apr/2019:04:45:24 +0000] "POST /api/users HTTP/1.1" 200 84 "-" "PostmanRuntime/7.6.1"
::1 - - [01/Apr/2019:04:45:50 +0000] "POST /api/users HTTP/1.1" 400 26 "-" "PostmanRuntime/7.6.1"
::1 - - [01/Apr/2019:04:45:57 +0000] "POST /api/users HTTP/1.1" 200 87 "-" "PostmanRuntime/7.6.1"
::1 - - [01/Apr/2019:04:47:41 +0000] "POST /api/users HTTP/1.1" 400 89 "-" "PostmanRuntime/7.6.1"
::1 - - [01/Apr/2019:04:47:59 +0000] "POST /api/users HTTP/1.1" 400 89 "-" "PostmanRuntime/7.6.1"
::1 - - [01/Apr/2019:04:48:09 +0000] "POST /api/users HTTP/1.1" 400 89 "-" "PostmanRuntime/7.6.1"
::1 - - [02/Apr/2019:00:52:55 +0000] "GET /uploads/1554076706146artbook.jpg HTTP/1.1" 404 171 "-" "Mozilla/5.0 (Windows NT 10.0; Win64; x64) AppleWebKit/537.36 (KHTML, like Gecko) Chrome/73.0.3683.86 Safari/537.36"
::1 - - [02/Apr/2019:00:53:15 +0000] "GET /get/genres HTTP/1.1" 404 149 "-" "Mozilla/5.0 (Windows NT 10.0; Win64; x64) AppleWebKit/537.36 (KHTML, like Gecko) Chrome/73.0.3683.86 Safari/537.36"
::1 - - [02/Apr/2019:00:53:59 +0000] "GET /get/genres HTTP/1.1" 404 149 "-" "Mozilla/5.0 (Windows NT 10.0; Win64; x64) AppleWebKit/537.36 (KHTML, like Gecko) Chrome/73.0.3683.86 Safari/537.36"
::1 - - [02/Apr/2019:00:54:01 +0000] "GET /get/genres HTTP/1.1" 404 149 "-" "Mozilla/5.0 (Windows NT 10.0; Win64; x64) AppleWebKit/537.36 (KHTML, like Gecko) Chrome/73.0.3683.86 Safari/537.36"
::1 - - [02/Apr/2019:00:56:37 +0000] "GET /get/genres HTTP/1.1" 404 149 "-" "Mozilla/5.0 (Windows NT 10.0; Win64; x64) AppleWebKit/537.36 (KHTML, like Gecko) Chrome/73.0.3683.86 Safari/537.36"
::1 - - [02/Apr/2019:00:56:38 +0000] "GET /get/genres HTTP/1.1" 404 149 "-" "Mozilla/5.0 (Windows NT 10.0; Win64; x64) AppleWebKit/537.36 (KHTML, like Gecko) Chrome/73.0.3683.86 Safari/537.36"
::1 - - [02/Apr/2019:00:59:28 +0000] "GET /get/genres HTTP/1.1" 404 149 "-" "Mozilla/5.0 (Windows NT 10.0; Win64; x64) AppleWebKit/537.36 (KHTML, like Gecko) Chrome/73.0.3683.86 Safari/537.36"
::1 - - [02/Apr/2019:00:59:30 +0000] "GET /get/genres HTTP/1.1" 404 149 "-" "Mozilla/5.0 (Windows NT 10.0; Win64; x64) AppleWebKit/537.36 (KHTML, like Gecko) Chrome/73.0.3683.86 Safari/537.36"
::1 - - [02/Apr/2019:00:59:30 +0000] "GET /get/genres HTTP/1.1" 404 149 "-" "Mozilla/5.0 (Windows NT 10.0; Win64; x64) AppleWebKit/537.36 (KHTML, like Gecko) Chrome/73.0.3683.86 Safari/537.36"
::1 - - [02/Apr/2019:00:59:30 +0000] "GET /get/genres HTTP/1.1" 404 149 "-" "Mozilla/5.0 (Windows NT 10.0; Win64; x64) AppleWebKit/537.36 (KHTML, like Gecko) Chrome/73.0.3683.86 Safari/537.36"
::1 - - [02/Apr/2019:00:59:31 +0000] "GET /get/genres HTTP/1.1" 404 149 "-" "Mozilla/5.0 (Windows NT 10.0; Win64; x64) AppleWebKit/537.36 (KHTML, like Gecko) Chrome/73.0.3683.86 Safari/537.36"
::1 - - [02/Apr/2019:00:59:31 +0000] "GET /get/genres HTTP/1.1" 404 149 "-" "Mozilla/5.0 (Windows NT 10.0; Win64; x64) AppleWebKit/537.36 (KHTML, like Gecko) Chrome/73.0.3683.86 Safari/537.36"
::1 - - [02/Apr/2019:01:00:21 +0000] "GET /get/genres HTTP/1.1" 404 149 "-" "Mozilla/5.0 (Windows NT 10.0; Win64; x64) AppleWebKit/537.36 (KHTML, like Gecko) Chrome/73.0.3683.86 Safari/537.36"
::1 - - [02/Apr/2019:01:00:23 +0000] "GET /get/genres HTTP/1.1" 404 149 "-" "Mozilla/5.0 (Windows NT 10.0; Win64; x64) AppleWebKit/537.36 (KHTML, like Gecko) Chrome/73.0.3683.86 Safari/537.36"
::1 - - [02/Apr/2019:01:03:18 +0000] "GET /get/genres HTTP/1.1" 404 149 "-" "Mozilla/5.0 (Windows NT 10.0; Win64; x64) AppleWebKit/537.36 (KHTML, like Gecko) Chrome/73.0.3683.86 Safari/537.36"
::1 - - [02/Apr/2019:01:03:19 +0000] "GET /get/genres HTTP/1.1" 404 149 "-" "Mozilla/5.0 (Windows NT 10.0; Win64; x64) AppleWebKit/537.36 (KHTML, like Gecko) Chrome/73.0.3683.86 Safari/537.36"
::1 - - [02/Apr/2019:01:06:19 +0000] "GET /get/genres HTTP/1.1" 404 149 "-" "Mozilla/5.0 (Windows NT 10.0; Win64; x64) AppleWebKit/537.36 (KHTML, like Gecko) Chrome/73.0.3683.86 Safari/537.36"
::1 - - [02/Apr/2019:01:06:20 +0000] "GET /get/genres HTTP/1.1" 404 149 "-" "Mozilla/5.0 (Windows NT 10.0; Win64; x64) AppleWebKit/537.36 (KHTML, like Gecko) Chrome/73.0.3683.86 Safari/537.36"
::1 - - [02/Apr/2019:01:06:20 +0000] "GET /get/genres HTTP/1.1" 404 149 "-" "Mozilla/5.0 (Windows NT 10.0; Win64; x64) AppleWebKit/537.36 (KHTML, like Gecko) Chrome/73.0.3683.86 Safari/537.36"
::1 - - [02/Apr/2019:01:06:20 +0000] "GET /get/genres HTTP/1.1" 404 149 "-" "Mozilla/5.0 (Windows NT 10.0; Win64; x64) AppleWebKit/537.36 (KHTML, like Gecko) Chrome/73.0.3683.86 Safari/537.36"
::1 - - [02/Apr/2019:01:06:21 +0000] "GET /get/genres HTTP/1.1" 404 149 "-" "Mozilla/5.0 (Windows NT 10.0; Win64; x64) AppleWebKit/537.36 (KHTML, like Gecko) Chrome/73.0.3683.86 Safari/537.36"
::1 - - [02/Apr/2019:01:15:50 +0000] "GET /get/genres HTTP/1.1" 404 149 "-" "Mozilla/5.0 (Windows NT 10.0; Win64; x64) AppleWebKit/537.36 (KHTML, like Gecko) Chrome/73.0.3683.86 Safari/537.36"
::1 - - [02/Apr/2019:01:15:51 +0000] "GET /get/genres HTTP/1.1" 404 149 "-" "Mozilla/5.0 (Windows NT 10.0; Win64; x64) AppleWebKit/537.36 (KHTML, like Gecko) Chrome/73.0.3683.86 Safari/537.36"
::1 - - [02/Apr/2019:01:18:49 +0000] "GET /get/genres HTTP/1.1" 404 149 "-" "Mozilla/5.0 (Windows NT 10.0; Win64; x64) AppleWebKit/537.36 (KHTML, like Gecko) Chrome/73.0.3683.86 Safari/537.36"
::1 - - [02/Apr/2019:01:18:50 +0000] "GET /get/genres HTTP/1.1" 404 149 "-" "Mozilla/5.0 (Windows NT 10.0; Win64; x64) AppleWebKit/537.36 (KHTML, like Gecko) Chrome/73.0.3683.86 Safari/537.36"
::1 - - [02/Apr/2019:01:19:37 +0000] "GET /get/genres HTTP/1.1" 404 149 "-" "Mozilla/5.0 (Windows NT 10.0; Win64; x64) AppleWebKit/537.36 (KHTML, like Gecko) Chrome/73.0.3683.86 Safari/537.36"
::1 - - [02/Apr/2019:01:19:38 +0000] "GET /get/genres HTTP/1.1" 404 149 "-" "Mozilla/5.0 (Windows NT 10.0; Win64; x64) AppleWebKit/537.36 (KHTML, like Gecko) Chrome/73.0.3683.86 Safari/537.36"
::1 - - [02/Apr/2019:01:19:39 +0000] "GET /get/genres HTTP/1.1" 404 149 "-" "Mozilla/5.0 (Windows NT 10.0; Win64; x64) AppleWebKit/537.36 (KHTML, like Gecko) Chrome/73.0.3683.86 Safari/537.36"
::1 - - [02/Apr/2019:01:19:39 +0000] "GET /get/genres HTTP/1.1" 404 149 "-" "Mozilla/5.0 (Windows NT 10.0; Win64; x64) AppleWebKit/537.36 (KHTML, like Gecko) Chrome/73.0.3683.86 Safari/537.36"
::1 - - [02/Apr/2019:01:19:39 +0000] "GET /get/genres HTTP/1.1" 404 149 "-" "Mozilla/5.0 (Windows NT 10.0; Win64; x64) AppleWebKit/537.36 (KHTML, like Gecko) Chrome/73.0.3683.86 Safari/537.36"
::1 - - [02/Apr/2019:01:19:39 +0000] "GET /get/genres HTTP/1.1" 404 149 "-" "Mozilla/5.0 (Windows NT 10.0; Win64; x64) AppleWebKit/537.36 (KHTML, like Gecko) Chrome/73.0.3683.86 Safari/537.36"
::1 - - [02/Apr/2019:01:19:43 +0000] "GET /get/genre HTTP/1.1" 404 148 "-" "Mozilla/5.0 (Windows NT 10.0; Win64; x64) AppleWebKit/537.36 (KHTML, like Gecko) Chrome/73.0.3683.86 Safari/537.36"
::1 - - [02/Apr/2019:01:19:45 +0000] "GET /get/genres HTTP/1.1" 404 149 "-" "Mozilla/5.0 (Windows NT 10.0; Win64; x64) AppleWebKit/537.36 (KHTML, like Gecko) Chrome/73.0.3683.86 Safari/537.36"
::1 - - [02/Apr/2019:01:20:01 +0000] "POST /api/users HTTP/1.1" 400 26 "-" "PostmanRuntime/7.6.1"
::1 - - [02/Apr/2019:01:20:08 +0000] "POST /api/users HTTP/1.1" 200 87 "-" "PostmanRuntime/7.6.1"
::1 - - [02/Apr/2019:01:22:47 +0000] "GET /get/genres HTTP/1.1" 404 149 "-" "Mozilla/5.0 (Windows NT 10.0; Win64; x64) AppleWebKit/537.36 (KHTML, like Gecko) Chrome/73.0.3683.86 Safari/537.36"
::1 - - [02/Apr/2019:01:22:49 +0000] "GET /get/genres HTTP/1.1" 404 149 "-" "Mozilla/5.0 (Windows NT 10.0; Win64; x64) AppleWebKit/537.36 (KHTML, like Gecko) Chrome/73.0.3683.86 Safari/537.36"
::1 - - [02/Apr/2019:01:22:49 +0000] "GET /get/genres HTTP/1.1" 404 149 "-" "Mozilla/5.0 (Windows NT 10.0; Win64; x64) AppleWebKit/537.36 (KHTML, like Gecko) Chrome/73.0.3683.86 Safari/537.36"
::1 - - [02/Apr/2019:01:22:50 +0000] "GET /get/genres HTTP/1.1" 404 149 "-" "Mozilla/5.0 (Windows NT 10.0; Win64; x64) AppleWebKit/537.36 (KHTML, like Gecko) Chrome/73.0.3683.86 Safari/537.36"
::1 - - [02/Apr/2019:01:22:50 +0000] "GET /get/genres HTTP/1.1" 404 149 "-" "Mozilla/5.0 (Windows NT 10.0; Win64; x64) AppleWebKit/537.36 (KHTML, like Gecko) Chrome/73.0.3683.86 Safari/537.36"
::1 - - [02/Apr/2019:01:22:50 +0000] "GET /get/genres HTTP/1.1" 404 149 "-" "Mozilla/5.0 (Windows NT 10.0; Win64; x64) AppleWebKit/537.36 (KHTML, like Gecko) Chrome/73.0.3683.86 Safari/537.36"
::1 - - [02/Apr/2019:01:23:32 +0000] "GET /get/genres HTTP/1.1" 404 149 "-" "Mozilla/5.0 (Windows NT 10.0; Win64; x64) AppleWebKit/537.36 (KHTML, like Gecko) Chrome/73.0.3683.86 Safari/537.36"
::1 - - [02/Apr/2019:01:23:33 +0000] "GET /get/genres HTTP/1.1" 404 149 "-" "Mozilla/5.0 (Windows NT 10.0; Win64; x64) AppleWebKit/537.36 (KHTML, like Gecko) Chrome/73.0.3683.86 Safari/537.36"
::1 - - [02/Apr/2019:01:50:03 +0000] "GET /get/genres HTTP/1.1" 404 149 "-" "Mozilla/5.0 (Windows NT 10.0; Win64; x64) AppleWebKit/537.36 (KHTML, like Gecko) Chrome/73.0.3683.86 Safari/537.36"
::1 - - [02/Apr/2019:01:50:04 +0000] "GET /get/genres HTTP/1.1" 404 149 "-" "Mozilla/5.0 (Windows NT 10.0; Win64; x64) AppleWebKit/537.36 (KHTML, like Gecko) Chrome/73.0.3683.86 Safari/537.36"
::1 - - [02/Apr/2019:01:52:26 +0000] "GET /get/genres HTTP/1.1" 404 149 "-" "Mozilla/5.0 (Windows NT 10.0; Win64; x64) AppleWebKit/537.36 (KHTML, like Gecko) Chrome/73.0.3683.86 Safari/537.36"
::1 - - [02/Apr/2019:01:52:27 +0000] "GET /get/genres HTTP/1.1" 404 149 "-" "Mozilla/5.0 (Windows NT 10.0; Win64; x64) AppleWebKit/537.36 (KHTML, like Gecko) Chrome/73.0.3683.86 Safari/537.36"
::1 - - [02/Apr/2019:01:52:27 +0000] "GET /get/genres HTTP/1.1" 404 149 "-" "Mozilla/5.0 (Windows NT 10.0; Win64; x64) AppleWebKit/537.36 (KHTML, like Gecko) Chrome/73.0.3683.86 Safari/537.36"
::1 - - [02/Apr/2019:01:52:27 +0000] "GET /get/genres HTTP/1.1" 404 149 "-" "Mozilla/5.0 (Windows NT 10.0; Win64; x64) AppleWebKit/537.36 (KHTML, like Gecko) Chrome/73.0.3683.86 Safari/537.36"
::1 - - [02/Apr/2019:01:52:27 +0000] "GET /get/genres HTTP/1.1" 404 149 "-" "Mozilla/5.0 (Windows NT 10.0; Win64; x64) AppleWebKit/537.36 (KHTML, like Gecko) Chrome/73.0.3683.86 Safari/537.36"
::1 - - [02/Apr/2019:01:52:27 +0000] "GET /get/genres HTTP/1.1" 404 149 "-" "Mozilla/5.0 (Windows NT 10.0; Win64; x64) AppleWebKit/537.36 (KHTML, like Gecko) Chrome/73.0.3683.86 Safari/537.36"
::1 - - [02/Apr/2019:01:53:08 +0000] "GET /get/genres HTTP/1.1" 404 149 "-" "Mozilla/5.0 (Windows NT 10.0; Win64; x64) AppleWebKit/537.36 (KHTML, like Gecko) Chrome/73.0.3683.86 Safari/537.36"
::1 - - [02/Apr/2019:01:53:08 +0000] "GET /get/genres HTTP/1.1" 404 149 "-" "Mozilla/5.0 (Windows NT 10.0; Win64; x64) AppleWebKit/537.36 (KHTML, like Gecko) Chrome/73.0.3683.86 Safari/537.36"
::1 - - [02/Apr/2019:01:58:56 +0000] "GET /get/genres HTTP/1.1" 404 149 "-" "Mozilla/5.0 (Windows NT 10.0; Win64; x64) AppleWebKit/537.36 (KHTML, like Gecko) Chrome/73.0.3683.86 Safari/537.36"
::1 - - [02/Apr/2019:02:01:47 +0000] "GET /get/genres HTTP/1.1" 404 149 "-" "Mozilla/5.0 (Windows NT 10.0; Win64; x64) AppleWebKit/537.36 (KHTML, like Gecko) Chrome/73.0.3683.86 Safari/537.36"
::1 - - [02/Apr/2019:02:01:48 +0000] "GET /get/genres HTTP/1.1" 404 149 "-" "Mozilla/5.0 (Windows NT 10.0; Win64; x64) AppleWebKit/537.36 (KHTML, like Gecko) Chrome/73.0.3683.86 Safari/537.36"
::1 - - [02/Apr/2019:02:06:26 +0000] "GET /get/genres HTTP/1.1" 404 21 "-" "Mozilla/5.0 (Windows NT 10.0; Win64; x64) AppleWebKit/537.36 (KHTML, like Gecko) Chrome/73.0.3683.86 Safari/537.36"
::1 - - [02/Apr/2019:02:06:27 +0000] "GET /get/genres HTTP/1.1" 404 21 "-" "Mozilla/5.0 (Windows NT 10.0; Win64; x64) AppleWebKit/537.36 (KHTML, like Gecko) Chrome/73.0.3683.86 Safari/537.36"
::1 - - [02/Apr/2019:02:06:28 +0000] "GET /get/genres HTTP/1.1" 404 21 "-" "Mozilla/5.0 (Windows NT 10.0; Win64; x64) AppleWebKit/537.36 (KHTML, like Gecko) Chrome/73.0.3683.86 Safari/537.36"
::1 - - [02/Apr/2019:02:06:28 +0000] "GET /get/genres HTTP/1.1" 404 21 "-" "Mozilla/5.0 (Windows NT 10.0; Win64; x64) AppleWebKit/537.36 (KHTML, like Gecko) Chrome/73.0.3683.86 Safari/537.36"
::1 - - [02/Apr/2019:02:06:28 +0000] "GET /get/genres HTTP/1.1" 404 21 "-" "Mozilla/5.0 (Windows NT 10.0; Win64; x64) AppleWebKit/537.36 (KHTML, like Gecko) Chrome/73.0.3683.86 Safari/537.36"
::1 - - [02/Apr/2019:02:06:28 +0000] "GET /get/genres HTTP/1.1" 404 21 "-" "Mozilla/5.0 (Windows NT 10.0; Win64; x64) AppleWebKit/537.36 (KHTML, like Gecko) Chrome/73.0.3683.86 Safari/537.36"
::1 - - [02/Apr/2019:02:06:28 +0000] "GET /get/genres HTTP/1.1" 404 21 "-" "Mozilla/5.0 (Windows NT 10.0; Win64; x64) AppleWebKit/537.36 (KHTML, like Gecko) Chrome/73.0.3683.86 Safari/537.36"
::1 - - [02/Apr/2019:02:06:29 +0000] "GET /get/genres HTTP/1.1" 404 21 "-" "Mozilla/5.0 (Windows NT 10.0; Win64; x64) AppleWebKit/537.36 (KHTML, like Gecko) Chrome/73.0.3683.86 Safari/537.36"
::1 - - [02/Apr/2019:02:06:29 +0000] "GET /get/genres HTTP/1.1" 404 21 "-" "Mozilla/5.0 (Windows NT 10.0; Win64; x64) AppleWebKit/537.36 (KHTML, like Gecko) Chrome/73.0.3683.86 Safari/537.36"
::1 - - [02/Apr/2019:02:06:29 +0000] "GET /get/genres HTTP/1.1" 404 21 "-" "Mozilla/5.0 (Windows NT 10.0; Win64; x64) AppleWebKit/537.36 (KHTML, like Gecko) Chrome/73.0.3683.86 Safari/537.36"
::1 - - [02/Apr/2019:02:06:29 +0000] "GET /get/genres HTTP/1.1" 404 21 "-" "Mozilla/5.0 (Windows NT 10.0; Win64; x64) AppleWebKit/537.36 (KHTML, like Gecko) Chrome/73.0.3683.86 Safari/537.36"
::1 - - [02/Apr/2019:02:06:29 +0000] "GET /get/genres HTTP/1.1" 404 21 "-" "Mozilla/5.0 (Windows NT 10.0; Win64; x64) AppleWebKit/537.36 (KHTML, like Gecko) Chrome/73.0.3683.86 Safari/537.36"
::1 - - [02/Apr/2019:02:06:30 +0000] "GET /get/genres HTTP/1.1" 404 21 "-" "Mozilla/5.0 (Windows NT 10.0; Win64; x64) AppleWebKit/537.36 (KHTML, like Gecko) Chrome/73.0.3683.86 Safari/537.36"
::1 - - [02/Apr/2019:02:06:30 +0000] "GET /get/genres HTTP/1.1" 404 21 "-" "Mozilla/5.0 (Windows NT 10.0; Win64; x64) AppleWebKit/537.36 (KHTML, like Gecko) Chrome/73.0.3683.86 Safari/537.36"
::1 - - [02/Apr/2019:02:06:30 +0000] "GET /get/genres HTTP/1.1" 404 21 "-" "Mozilla/5.0 (Windows NT 10.0; Win64; x64) AppleWebKit/537.36 (KHTML, like Gecko) Chrome/73.0.3683.86 Safari/537.36"
::1 - - [02/Apr/2019:02:06:31 +0000] "GET /get/genres HTTP/1.1" 404 21 "-" "Mozilla/5.0 (Windows NT 10.0; Win64; x64) AppleWebKit/537.36 (KHTML, like Gecko) Chrome/73.0.3683.86 Safari/537.36"
::1 - - [02/Apr/2019:02:06:31 +0000] "GET /get/genres HTTP/1.1" 404 21 "-" "Mozilla/5.0 (Windows NT 10.0; Win64; x64) AppleWebKit/537.36 (KHTML, like Gecko) Chrome/73.0.3683.86 Safari/537.36"
::1 - - [02/Apr/2019:02:06:31 +0000] "GET /get/genres HTTP/1.1" 404 21 "-" "Mozilla/5.0 (Windows NT 10.0; Win64; x64) AppleWebKit/537.36 (KHTML, like Gecko) Chrome/73.0.3683.86 Safari/537.36"
::1 - - [02/Apr/2019:02:07:31 +0000] "GET /get/genres HTTP/1.1" 404 149 "-" "Mozilla/5.0 (Windows NT 10.0; Win64; x64) AppleWebKit/537.36 (KHTML, like Gecko) Chrome/73.0.3683.86 Safari/537.36"
::1 - - [02/Apr/2019:02:07:32 +0000] "GET /get/genres HTTP/1.1" 404 149 "-" "Mozilla/5.0 (Windows NT 10.0; Win64; x64) AppleWebKit/537.36 (KHTML, like Gecko) Chrome/73.0.3683.86 Safari/537.36"
::1 - - [02/Apr/2019:02:08:57 +0000] "GET /get/genres HTTP/1.1" 404 149 "-" "Mozilla/5.0 (Windows NT 10.0; Win64; x64) AppleWebKit/537.36 (KHTML, like Gecko) Chrome/73.0.3683.86 Safari/537.36"
::1 - - [02/Apr/2019:02:08:58 +0000] "GET /get/genres HTTP/1.1" 404 149 "-" "Mozilla/5.0 (Windows NT 10.0; Win64; x64) AppleWebKit/537.36 (KHTML, like Gecko) Chrome/73.0.3683.86 Safari/537.36"
::1 - - [02/Apr/2019:02:08:58 +0000] "GET /get/genres HTTP/1.1" 404 149 "-" "Mozilla/5.0 (Windows NT 10.0; Win64; x64) AppleWebKit/537.36 (KHTML, like Gecko) Chrome/73.0.3683.86 Safari/537.36"
::1 - - [02/Apr/2019:02:08:59 +0000] "GET /get/genres HTTP/1.1" 404 149 "-" "Mozilla/5.0 (Windows NT 10.0; Win64; x64) AppleWebKit/537.36 (KHTML, like Gecko) Chrome/73.0.3683.86 Safari/537.36"
::1 - - [02/Apr/2019:02:09:14 +0000] "GET /get/genres HTTP/1.1" 404 149 "-" "Mozilla/5.0 (Windows NT 10.0; Win64; x64) AppleWebKit/537.36 (KHTML, like Gecko) Chrome/73.0.3683.86 Safari/537.36"
::1 - - [02/Apr/2019:02:09:15 +0000] "GET /get/genres HTTP/1.1" 404 149 "-" "Mozilla/5.0 (Windows NT 10.0; Win64; x64) AppleWebKit/537.36 (KHTML, like Gecko) Chrome/73.0.3683.86 Safari/537.36"
::1 - - [02/Apr/2019:02:09:31 +0000] "GET /get/genres HTTP/1.1" 404 149 "-" "Mozilla/5.0 (Windows NT 10.0; Win64; x64) AppleWebKit/537.36 (KHTML, like Gecko) Chrome/73.0.3683.86 Safari/537.36"
::1 - - [02/Apr/2019:02:09:32 +0000] "GET /get/genres HTTP/1.1" 404 149 "-" "Mozilla/5.0 (Windows NT 10.0; Win64; x64) AppleWebKit/537.36 (KHTML, like Gecko) Chrome/73.0.3683.86 Safari/537.36"
::1 - - [02/Apr/2019:02:11:25 +0000] "POST /api/users HTTP/1.1" 400 26 "-" "PostmanRuntime/7.6.1"
::1 - - [02/Apr/2019:02:11:33 +0000] "POST /api/users HTTP/1.1" 200 86 "-" "PostmanRuntime/7.6.1"
::1 - - [02/Apr/2019:02:11:40 +0000] "GET /get/genres HTTP/1.1" 404 149 "-" "Mozilla/5.0 (Windows NT 10.0; Win64; x64) AppleWebKit/537.36 (KHTML, like Gecko) Chrome/73.0.3683.86 Safari/537.36"
::1 - - [02/Apr/2019:02:11:41 +0000] "GET /get/genres HTTP/1.1" 404 149 "-" "Mozilla/5.0 (Windows NT 10.0; Win64; x64) AppleWebKit/537.36 (KHTML, like Gecko) Chrome/73.0.3683.86 Safari/537.36"
::1 - - [02/Apr/2019:02:11:52 +0000] "GET /get/books HTTP/1.1" 404 148 "-" "Mozilla/5.0 (Windows NT 10.0; Win64; x64) AppleWebKit/537.36 (KHTML, like Gecko) Chrome/73.0.3683.86 Safari/537.36"
::1 - - [02/Apr/2019:02:12:21 +0000] "GET /get/books HTTP/1.1" 404 148 "-" "Mozilla/5.0 (Windows NT 10.0; Win64; x64) AppleWebKit/537.36 (KHTML, like Gecko) Chrome/73.0.3683.86 Safari/537.36"
::1 - - [02/Apr/2019:02:12:22 +0000] "GET /get/books HTTP/1.1" 404 148 "-" "Mozilla/5.0 (Windows NT 10.0; Win64; x64) AppleWebKit/537.36 (KHTML, like Gecko) Chrome/73.0.3683.86 Safari/537.36"
::1 - - [02/Apr/2019:02:14:18 +0000] "GET /get/books HTTP/1.1" 404 21 "-" "Mozilla/5.0 (Windows NT 10.0; Win64; x64) AppleWebKit/537.36 (KHTML, like Gecko) Chrome/73.0.3683.86 Safari/537.36"
::1 - - [02/Apr/2019:02:14:21 +0000] "GET /get/books HTTP/1.1" 404 21 "-" "Mozilla/5.0 (Windows NT 10.0; Win64; x64) AppleWebKit/537.36 (KHTML, like Gecko) Chrome/73.0.3683.86 Safari/537.36"
::1 - - [02/Apr/2019:02:14:22 +0000] "GET /get/books HTTP/1.1" 404 21 "-" "Mozilla/5.0 (Windows NT 10.0; Win64; x64) AppleWebKit/537.36 (KHTML, like Gecko) Chrome/73.0.3683.86 Safari/537.36"
::1 - - [02/Apr/2019:02:14:23 +0000] "GET /get/books HTTP/1.1" 404 21 "-" "Mozilla/5.0 (Windows NT 10.0; Win64; x64) AppleWebKit/537.36 (KHTML, like Gecko) Chrome/73.0.3683.86 Safari/537.36"
::1 - - [02/Apr/2019:02:14:24 +0000] "GET /get/books HTTP/1.1" 404 21 "-" "Mozilla/5.0 (Windows NT 10.0; Win64; x64) AppleWebKit/537.36 (KHTML, like Gecko) Chrome/73.0.3683.86 Safari/537.36"
::1 - - [02/Apr/2019:02:14:25 +0000] "GET /get/books HTTP/1.1" 404 21 "-" "Mozilla/5.0 (Windows NT 10.0; Win64; x64) AppleWebKit/537.36 (KHTML, like Gecko) Chrome/73.0.3683.86 Safari/537.36"
::1 - - [02/Apr/2019:02:14:25 +0000] "GET /get/books HTTP/1.1" 404 21 "-" "Mozilla/5.0 (Windows NT 10.0; Win64; x64) AppleWebKit/537.36 (KHTML, like Gecko) Chrome/73.0.3683.86 Safari/537.36"
::1 - - [02/Apr/2019:02:15:24 +0000] "GET /get/books HTTP/1.1" 404 21 "-" "Mozilla/5.0 (Windows NT 10.0; Win64; x64) AppleWebKit/537.36 (KHTML, like Gecko) Chrome/73.0.3683.86 Safari/537.36"
::1 - - [02/Apr/2019:02:16:01 +0000] "GET /get/books HTTP/1.1" 404 21 "-" "Mozilla/5.0 (Windows NT 10.0; Win64; x64) AppleWebKit/537.36 (KHTML, like Gecko) Chrome/73.0.3683.86 Safari/537.36"
::1 - - [02/Apr/2019:02:22:07 +0000] "POST /api/users HTTP/1.1" 400 26 "-" "PostmanRuntime/7.6.1"
::1 - - [02/Apr/2019:02:22:13 +0000] "POST /api/users HTTP/1.1" 200 85 "-" "PostmanRuntime/7.6.1"
::1 - - [02/Apr/2019:02:23:25 +0000] "GET /get/genres HTTP/1.1" 404 21 "-" "Mozilla/5.0 (Windows NT 10.0; Win64; x64) AppleWebKit/537.36 (KHTML, like Gecko) Chrome/73.0.3683.86 Safari/537.36"
::1 - - [02/Apr/2019:02:25:14 +0000] "GET /get/genres HTTP/1.1" 404 21 "-" "Mozilla/5.0 (Windows NT 10.0; Win64; x64) AppleWebKit/537.36 (KHTML, like Gecko) Chrome/73.0.3683.86 Safari/537.36"
::1 - - [02/Apr/2019:02:32:00 +0000] "GET /get/genres HTTP/1.1" 404 21 "-" "Mozilla/5.0 (Windows NT 10.0; Win64; x64) AppleWebKit/537.36 (KHTML, like Gecko) Chrome/73.0.3683.86 Safari/537.36"
::1 - - [02/Apr/2019:02:32:39 +0000] "GET /get/genres HTTP/1.1" 404 21 "-" "Mozilla/5.0 (Windows NT 10.0; Win64; x64) AppleWebKit/537.36 (KHTML, like Gecko) Chrome/73.0.3683.86 Safari/537.36"
::1 - - [02/Apr/2019:02:32:40 +0000] "GET /get/genres HTTP/1.1" 404 21 "-" "Mozilla/5.0 (Windows NT 10.0; Win64; x64) AppleWebKit/537.36 (KHTML, like Gecko) Chrome/73.0.3683.86 Safari/537.36"
::1 - - [02/Apr/2019:02:33:19 +0000] "GET /get/genres HTTP/1.1" 404 149 "-" "Mozilla/5.0 (Windows NT 10.0; Win64; x64) AppleWebKit/537.36 (KHTML, like Gecko) Chrome/73.0.3683.86 Safari/537.36"
::ffff:127.0.0.1 - - [02/Apr/2019:02:34:59 +0000] "GET /api/books HTTP/1.1" 200 1244 "-" "Mozilla/5.0 (Windows NT 10.0; Win64; x64) AppleWebKit/537.36 (KHTML, like Gecko) Chrome/73.0.3683.86 Safari/537.36"
::ffff:127.0.0.1 - - [02/Apr/2019:02:34:59 +0000] "GET /favicon.ico HTTP/1.1" 404 150 "http://127.0.0.1:6500/api/books" "Mozilla/5.0 (Windows NT 10.0; Win64; x64) AppleWebKit/537.36 (KHTML, like Gecko) Chrome/73.0.3683.86 Safari/537.36"
::ffff:127.0.0.1 - - [02/Apr/2019:02:35:07 +0000] "GET /api/genres HTTP/1.1" 200 235 "-" "Mozilla/5.0 (Windows NT 10.0; Win64; x64) AppleWebKit/537.36 (KHTML, like Gecko) Chrome/73.0.3683.86 Safari/537.36"
::1 - - [02/Apr/2019:02:37:04 +0000] "POST /api/users HTTP/1.1" 200 85 "-" "PostmanRuntime/7.6.1"
::1 - - [02/Apr/2019:02:38:52 +0000] "POST /api/users HTTP/1.1" 400 26 "-" "PostmanRuntime/7.6.1"
::1 - - [02/Apr/2019:02:38:58 +0000] "POST /api/users HTTP/1.1" 200 84 "-" "PostmanRuntime/7.6.1"
::1 - - [02/Apr/2019:02:45:40 +0000] "POST /api/users HTTP/1.1" 400 134 "-" "PostmanRuntime/7.6.1"
::1 - - [02/Apr/2019:02:45:54 +0000] "POST /api/users HTTP/1.1" 400 136 "-" "PostmanRuntime/7.6.1"
::1 - - [02/Apr/2019:02:46:04 +0000] "POST /api/users HTTP/1.1" 400 26 "-" "PostmanRuntime/7.6.1"
::1 - - [02/Apr/2019:02:46:10 +0000] "POST /api/users HTTP/1.1" 200 82 "-" "PostmanRuntime/7.6.1"
::1 - - [02/Apr/2019:02:46:19 +0000] "POST /api/users HTTP/1.1" 400 136 "-" "PostmanRuntime/7.6.1"
::1 - - [02/Apr/2019:02:48:28 +0000] "POST /api/users HTTP/1.1" 400 136 "-" "PostmanRuntime/7.6.1"
::1 - - [02/Apr/2019:02:49:10 +0000] "POST /api/users HTTP/1.1" 200 84 "-" "PostmanRuntime/7.6.1"
::1 - - [02/Apr/2019:02:49:16 +0000] "POST /api/users HTTP/1.1" 400 26 "-" "PostmanRuntime/7.6.1"
::1 - - [02/Apr/2019:02:49:21 +0000] "POST /api/users HTTP/1.1" 200 83 "-" "PostmanRuntime/7.6.1"
::ffff:127.0.0.1 - - [02/Apr/2019:02:54:09 +0000] "GET /api/genres HTTP/1.1" 304 - "-" "Mozilla/5.0 (Windows NT 10.0; Win64; x64) AppleWebKit/537.36 (KHTML, like Gecko) Chrome/73.0.3683.86 Safari/537.36"
::ffff:127.0.0.1 - - [02/Apr/2019:02:54:10 +0000] "GET /api/genres HTTP/1.1" 304 - "-" "Mozilla/5.0 (Windows NT 10.0; Win64; x64) AppleWebKit/537.36 (KHTML, like Gecko) Chrome/73.0.3683.86 Safari/537.36"
::ffff:127.0.0.1 - - [02/Apr/2019:02:54:10 +0000] "GET /api/genres HTTP/1.1" 304 - "-" "Mozilla/5.0 (Windows NT 10.0; Win64; x64) AppleWebKit/537.36 (KHTML, like Gecko) Chrome/73.0.3683.86 Safari/537.36"
::ffff:127.0.0.1 - - [02/Apr/2019:02:54:11 +0000] "GET /api/genres HTTP/1.1" 304 - "-" "Mozilla/5.0 (Windows NT 10.0; Win64; x64) AppleWebKit/537.36 (KHTML, like Gecko) Chrome/73.0.3683.86 Safari/537.36"
::ffff:127.0.0.1 - - [02/Apr/2019:02:54:11 +0000] "GET /api/genres HTTP/1.1" 304 - "-" "Mozilla/5.0 (Windows NT 10.0; Win64; x64) AppleWebKit/537.36 (KHTML, like Gecko) Chrome/73.0.3683.86 Safari/537.36"
::ffff:127.0.0.1 - - [02/Apr/2019:02:54:20 +0000] "GET /api/users HTTP/1.1" 404 21 "-" "Mozilla/5.0 (Windows NT 10.0; Win64; x64) AppleWebKit/537.36 (KHTML, like Gecko) Chrome/73.0.3683.86 Safari/537.36"
::ffff:127.0.0.1 - - [02/Apr/2019:02:54:24 +0000] "GET /api/user HTTP/1.1" 404 21 "-" "Mozilla/5.0 (Windows NT 10.0; Win64; x64) AppleWebKit/537.36 (KHTML, like Gecko) Chrome/73.0.3683.86 Safari/537.36"
::ffff:127.0.0.1 - - [02/Apr/2019:02:54:29 +0000] "GET /api/books HTTP/1.1" 304 - "-" "Mozilla/5.0 (Windows NT 10.0; Win64; x64) AppleWebKit/537.36 (KHTML, like Gecko) Chrome/73.0.3683.86 Safari/537.36"
::ffff:127.0.0.1 - - [02/Apr/2019:02:54:36 +0000] "GET /api/users HTTP/1.1" 404 21 "-" "Mozilla/5.0 (Windows NT 10.0; Win64; x64) AppleWebKit/537.36 (KHTML, like Gecko) Chrome/73.0.3683.86 Safari/537.36"
::ffff:127.0.0.1 - - [02/Apr/2019:02:55:05 +0000] "GET /api/auth HTTP/1.1" 404 21 "-" "Mozilla/5.0 (Windows NT 10.0; Win64; x64) AppleWebKit/537.36 (KHTML, like Gecko) Chrome/73.0.3683.86 Safari/537.36"
::1 - - [02/Apr/2019:02:55:13 +0000] "POST /api/users HTTP/1.1" 400 26 "-" "PostmanRuntime/7.6.1"
::1 - - [02/Apr/2019:02:55:18 +0000] "POST /api/users HTTP/1.1" 200 82 "-" "PostmanRuntime/7.6.1"
::ffff:127.0.0.1 - - [02/Apr/2019:02:55:44 +0000] "GET /api/auth HTTP/1.1" 404 21 "-" "Mozilla/5.0 (Windows NT 10.0; Win64; x64) AppleWebKit/537.36 (KHTML, like Gecko) Chrome/73.0.3683.86 Safari/537.36"
::ffff:127.0.0.1 - - [02/Apr/2019:02:55:49 +0000] "GET /api/users HTTP/1.1" 404 21 "-" "Mozilla/5.0 (Windows NT 10.0; Win64; x64) AppleWebKit/537.36 (KHTML, like Gecko) Chrome/73.0.3683.86 Safari/537.36"
::ffff:127.0.0.1 - - [02/Apr/2019:02:56:27 +0000] "GET /api/users HTTP/1.1" 404 21 "-" "Mozilla/5.0 (Windows NT 10.0; Win64; x64) AppleWebKit/537.36 (KHTML, like Gecko) Chrome/73.0.3683.86 Safari/537.36"
::ffff:127.0.0.1 - - [02/Apr/2019:02:56:27 +0000] "GET /api/users HTTP/1.1" 404 21 "-" "Mozilla/5.0 (Windows NT 10.0; Win64; x64) AppleWebKit/537.36 (KHTML, like Gecko) Chrome/73.0.3683.86 Safari/537.36"
::ffff:127.0.0.1 - - [02/Apr/2019:02:56:33 +0000] "GET /api/books HTTP/1.1" 304 - "-" "Mozilla/5.0 (Windows NT 10.0; Win64; x64) AppleWebKit/537.36 (KHTML, like Gecko) Chrome/73.0.3683.86 Safari/537.36"
::ffff:127.0.0.1 - - [02/Apr/2019:02:57:43 +0000] "GET /api/customers HTTP/1.1" 200 470 "-" "Mozilla/5.0 (Windows NT 10.0; Win64; x64) AppleWebKit/537.36 (KHTML, like Gecko) Chrome/73.0.3683.86 Safari/537.36"
::ffff:127.0.0.1 - - [02/Apr/2019:02:58:01 +0000] "GET /api/jeee@jjjhomilj.cjom HTTP/1.1" 404 21 "-" "Mozilla/5.0 (Windows NT 10.0; Win64; x64) AppleWebKit/537.36 (KHTML, like Gecko) Chrome/73.0.3683.86 Safari/537.36"
::ffff:127.0.0.1 - - [02/Apr/2019:02:58:32 +0000] "GET /api/users HTTP/1.1" 404 21 "-" "Mozilla/5.0 (Windows NT 10.0; Win64; x64) AppleWebKit/537.36 (KHTML, like Gecko) Chrome/73.0.3683.86 Safari/537.36"
::ffff:127.0.0.1 - - [02/Apr/2019:02:59:19 +0000] "GET /api/users HTTP/1.1" - - "-" "Mozilla/5.0 (Windows NT 10.0; Win64; x64) AppleWebKit/537.36 (KHTML, like Gecko) Chrome/73.0.3683.86 Safari/537.36"
::ffff:127.0.0.1 - - [02/Apr/2019:03:00:59 +0000] "GET /api/users HTTP/1.1" 200 1329 "-" "Mozilla/5.0 (Windows NT 10.0; Win64; x64) AppleWebKit/537.36 (KHTML, like Gecko) Chrome/73.0.3683.86 Safari/537.36"
::ffff:127.0.0.1 - - [02/Apr/2019:03:01:24 +0000] "GET /api/users HTTP/1.1" 200 737 "-" "Mozilla/5.0 (Windows NT 10.0; Win64; x64) AppleWebKit/537.36 (KHTML, like Gecko) Chrome/73.0.3683.86 Safari/537.36"
::1 - - [02/Apr/2019:03:02:09 +0000] "POST /api/users HTTP/1.1" 400 26 "-" "PostmanRuntime/7.6.1"
::1 - - [02/Apr/2019:03:02:43 +0000] "POST /api/genres HTTP/1.1" 401 34 "-" "PostmanRuntime/7.6.1"
::ffff:127.0.0.1 - - [02/Apr/2019:03:17:26 +0000] "GET /api/users HTTP/1.1" 404 21 "-" "Mozilla/5.0 (Windows NT 10.0; Win64; x64) AppleWebKit/537.36 (KHTML, like Gecko) Chrome/73.0.3683.86 Safari/537.36"
::1 - - [02/Apr/2019:03:49:18 +0000] "GET /api/genres HTTP/1.1" 200 235 "-" "Mozilla/5.0 (Windows NT 10.0; Win64; x64) AppleWebKit/537.36 (KHTML, like Gecko) Chrome/73.0.3683.86 Safari/537.36"
::1 - - [02/Apr/2019:03:49:27 +0000] "POST /api/genres HTTP/1.1" 401 34 "-" "PostmanRuntime/7.6.1"
::1 - - [02/Apr/2019:03:50:54 +0000] "GET /api/books HTTP/1.1" 200 1244 "-" "Mozilla/5.0 (Windows NT 10.0; Win64; x64) AppleWebKit/537.36 (KHTML, like Gecko) Chrome/73.0.3683.86 Safari/537.36"
::1 - - [02/Apr/2019:03:51:14 +0000] "GET /images HTTP/1.1" 404 21 "-" "Mozilla/5.0 (Windows NT 10.0; Win64; x64) AppleWebKit/537.36 (KHTML, like Gecko) Chrome/73.0.3683.86 Safari/537.36"
::1 - - [02/Apr/2019:03:51:42 +0000] "GET /uploads/1554076706146artbook.jpg HTTP/1.1" 404 21 "-" "Mozilla/5.0 (Windows NT 10.0; Win64; x64) AppleWebKit/537.36 (KHTML, like Gecko) Chrome/73.0.3683.86 Safari/537.36"
::1 - - [02/Apr/2019:03:51:54 +0000] "GET /images/1554076706146artbook.jpg HTTP/1.1" 404 21 "-" "Mozilla/5.0 (Windows NT 10.0; Win64; x64) AppleWebKit/537.36 (KHTML, like Gecko) Chrome/73.0.3683.86 Safari/537.36"
::1 - - [02/Apr/2019:03:53:32 +0000] "GET /images/1554076706146artbook.jpg HTTP/1.1" 404 21 "-" "Mozilla/5.0 (Windows NT 10.0; Win64; x64) AppleWebKit/537.36 (KHTML, like Gecko) Chrome/73.0.3683.86 Safari/537.36"
::1 - - [02/Apr/2019:03:53:33 +0000] "GET /images/1554076706146artbook.jpg HTTP/1.1" 404 21 "-" "Mozilla/5.0 (Windows NT 10.0; Win64; x64) AppleWebKit/537.36 (KHTML, like Gecko) Chrome/73.0.3683.86 Safari/537.36"
::1 - - [02/Apr/2019:03:53:33 +0000] "GET /images/1554076706146artbook.jpg HTTP/1.1" 404 21 "-" "Mozilla/5.0 (Windows NT 10.0; Win64; x64) AppleWebKit/537.36 (KHTML, like Gecko) Chrome/73.0.3683.86 Safari/537.36"
::1 - - [02/Apr/2019:03:53:34 +0000] "GET /images/1554076706146artbook.jpg HTTP/1.1" 404 21 "-" "Mozilla/5.0 (Windows NT 10.0; Win64; x64) AppleWebKit/537.36 (KHTML, like Gecko) Chrome/73.0.3683.86 Safari/537.36"
::1 - - [02/Apr/2019:03:53:34 +0000] "GET /images/1554076706146artbook.jpg HTTP/1.1" 404 21 "-" "Mozilla/5.0 (Windows NT 10.0; Win64; x64) AppleWebKit/537.36 (KHTML, like Gecko) Chrome/73.0.3683.86 Safari/537.36"
::ffff:127.0.0.1 - - [02/Apr/2019:03:55:30 +0000] "GET /api/books HTTP/1.1" 200 1244 "-" "Mozilla/5.0 (Windows NT 10.0; Win64; x64) AppleWebKit/537.36 (KHTML, like Gecko) Chrome/73.0.3683.86 Safari/537.36"
::ffff:127.0.0.1 - - [02/Apr/2019:03:55:36 +0000] "GET /images/1554076706146artbook.jpg HTTP/1.1" 404 21 "-" "Mozilla/5.0 (Windows NT 10.0; Win64; x64) AppleWebKit/537.36 (KHTML, like Gecko) Chrome/73.0.3683.86 Safari/537.36"
::ffff:127.0.0.1 - - [02/Apr/2019:03:56:05 +0000] "GET /images/1554076706146artbook.jpg HTTP/1.1" 200 48277 "-" "Mozilla/5.0 (Windows NT 10.0; Win64; x64) AppleWebKit/537.36 (KHTML, like Gecko) Chrome/73.0.3683.86 Safari/537.36"
::ffff:127.0.0.1 - - [03/Apr/2019:02:18:29 +0000] "GET /api/books HTTP/1.1" 304 - "-" "Mozilla/5.0 (Windows NT 10.0; Win64; x64) AppleWebKit/537.36 (KHTML, like Gecko) Chrome/73.0.3683.86 Safari/537.36"
::ffff:127.0.0.1 - - [03/Apr/2019:02:44:14 +0000] "GET /api/books HTTP/1.1" 304 - "-" "Mozilla/5.0 (Windows NT 10.0; Win64; x64) AppleWebKit/537.36 (KHTML, like Gecko) Chrome/73.0.3683.86 Safari/537.36"
::ffff:127.0.0.1 - - [03/Apr/2019:23:56:22 +0000] "GET /api/books HTTP/1.1" 304 - "-" "Mozilla/5.0 (Windows NT 10.0; Win64; x64) AppleWebKit/537.36 (KHTML, like Gecko) Chrome/73.0.3683.86 Safari/537.36"
::ffff:127.0.0.1 - - [03/Apr/2019:23:56:33 +0000] "GET /api/books HTTP/1.1" 304 - "-" "Mozilla/5.0 (Windows NT 10.0; Win64; x64) AppleWebKit/537.36 (KHTML, like Gecko) Chrome/73.0.3683.86 Safari/537.36"
::ffff:127.0.0.1 - - [03/Apr/2019:23:56:39 +0000] "GET /images HTTP/1.1" 301 179 "-" "Mozilla/5.0 (Windows NT 10.0; Win64; x64) AppleWebKit/537.36 (KHTML, like Gecko) Chrome/73.0.3683.86 Safari/537.36"
::ffff:127.0.0.1 - - [03/Apr/2019:23:56:39 +0000] "GET /images/ HTTP/1.1" 404 21 "-" "Mozilla/5.0 (Windows NT 10.0; Win64; x64) AppleWebKit/537.36 (KHTML, like Gecko) Chrome/73.0.3683.86 Safari/537.36"
::ffff:127.0.0.1 - - [03/Apr/2019:23:58:15 +0000] "GET /images/ HTTP/1.1" 404 21 "-" "Mozilla/5.0 (Windows NT 10.0; Win64; x64) AppleWebKit/537.36 (KHTML, like Gecko) Chrome/73.0.3683.86 Safari/537.36"
::ffff:127.0.0.1 - - [03/Apr/2019:23:58:15 +0000] "GET /images/ HTTP/1.1" 404 21 "-" "Mozilla/5.0 (Windows NT 10.0; Win64; x64) AppleWebKit/537.36 (KHTML, like Gecko) Chrome/73.0.3683.86 Safari/537.36"
::ffff:127.0.0.1 - - [03/Apr/2019:23:58:17 +0000] "GET /images/ HTTP/1.1" 404 21 "-" "Mozilla/5.0 (Windows NT 10.0; Win64; x64) AppleWebKit/537.36 (KHTML, like Gecko) Chrome/73.0.3683.86 Safari/537.36"
::ffff:127.0.0.1 - - [03/Apr/2019:23:58:17 +0000] "GET /images/ HTTP/1.1" 404 21 "-" "Mozilla/5.0 (Windows NT 10.0; Win64; x64) AppleWebKit/537.36 (KHTML, like Gecko) Chrome/73.0.3683.86 Safari/537.36"
::ffff:127.0.0.1 - - [03/Apr/2019:23:58:17 +0000] "GET /images/ HTTP/1.1" 404 21 "-" "Mozilla/5.0 (Windows NT 10.0; Win64; x64) AppleWebKit/537.36 (KHTML, like Gecko) Chrome/73.0.3683.86 Safari/537.36"
::ffff:127.0.0.1 - - [03/Apr/2019:23:58:18 +0000] "GET /images/ HTTP/1.1" 404 21 "-" "Mozilla/5.0 (Windows NT 10.0; Win64; x64) AppleWebKit/537.36 (KHTML, like Gecko) Chrome/73.0.3683.86 Safari/537.36"
::ffff:127.0.0.1 - - [04/Apr/2019:00:01:04 +0000] "GET /images/ HTTP/1.1" 404 146 "-" "Mozilla/5.0 (Windows NT 10.0; Win64; x64) AppleWebKit/537.36 (KHTML, like Gecko) Chrome/73.0.3683.86 Safari/537.36"
::ffff:127.0.0.1 - - [04/Apr/2019:00:01:06 +0000] "GET /images/ HTTP/1.1" 404 146 "-" "Mozilla/5.0 (Windows NT 10.0; Win64; x64) AppleWebKit/537.36 (KHTML, like Gecko) Chrome/73.0.3683.86 Safari/537.36"
::ffff:127.0.0.1 - - [04/Apr/2019:00:01:37 +0000] "GET /images/ HTTP/1.1" 404 146 "-" "Mozilla/5.0 (Windows NT 10.0; Win64; x64) AppleWebKit/537.36 (KHTML, like Gecko) Chrome/73.0.3683.86 Safari/537.36"
::ffff:127.0.0.1 - - [04/Apr/2019:00:01:37 +0000] "GET /images/ HTTP/1.1" 404 146 "-" "Mozilla/5.0 (Windows NT 10.0; Win64; x64) AppleWebKit/537.36 (KHTML, like Gecko) Chrome/73.0.3683.86 Safari/537.36"
::ffff:127.0.0.1 - - [04/Apr/2019:00:01:57 +0000] "GET /images/ HTTP/1.1" 404 146 "-" "Mozilla/5.0 (Windows NT 10.0; Win64; x64) AppleWebKit/537.36 (KHTML, like Gecko) Chrome/73.0.3683.86 Safari/537.36"
::ffff:127.0.0.1 - - [04/Apr/2019:00:01:58 +0000] "GET /images/ HTTP/1.1" 404 146 "-" "Mozilla/5.0 (Windows NT 10.0; Win64; x64) AppleWebKit/537.36 (KHTML, like Gecko) Chrome/73.0.3683.86 Safari/537.36"
::ffff:127.0.0.1 - - [04/Apr/2019:00:02:11 +0000] "GET /api/books HTTP/1.1" 304 - "-" "Mozilla/5.0 (Windows NT 10.0; Win64; x64) AppleWebKit/537.36 (KHTML, like Gecko) Chrome/73.0.3683.86 Safari/537.36"
::ffff:127.0.0.1 - - [04/Apr/2019:00:02:25 +0000] "GET /images/1554079036367artbook.jpg HTTP/1.1" 404 170 "-" "Mozilla/5.0 (Windows NT 10.0; Win64; x64) AppleWebKit/537.36 (KHTML, like Gecko) Chrome/73.0.3683.86 Safari/537.36"
::ffff:127.0.0.1 - - [04/Apr/2019:00:02:57 +0000] "GET /images/1554079036367artbook.jpg HTTP/1.1" 404 170 "-" "Mozilla/5.0 (Windows NT 10.0; Win64; x64) AppleWebKit/537.36 (KHTML, like Gecko) Chrome/73.0.3683.86 Safari/537.36"
::ffff:127.0.0.1 - - [04/Apr/2019:00:03:50 +0000] "GET /images/1554079036367artbook.jpg HTTP/1.1" 404 170 "-" "Mozilla/5.0 (Windows NT 10.0; Win64; x64) AppleWebKit/537.36 (KHTML, like Gecko) Chrome/73.0.3683.86 Safari/537.36"
::ffff:127.0.0.1 - - [04/Apr/2019:00:05:26 +0000] "GET /api/genres HTTP/1.1" 200 235 "-" "Mozilla/5.0 (Windows NT 10.0; Win64; x64) AppleWebKit/537.36 (KHTML, like Gecko) Chrome/73.0.3683.86 Safari/537.36"
::ffff:127.0.0.1 - - [04/Apr/2019:00:05:39 +0000] "GET /api/images HTTP/1.1" 404 149 "-" "Mozilla/5.0 (Windows NT 10.0; Win64; x64) AppleWebKit/537.36 (KHTML, like Gecko) Chrome/73.0.3683.86 Safari/537.36"
::ffff:127.0.0.1 - - [04/Apr/2019:00:05:45 +0000] "GET /images/ HTTP/1.1" 404 146 "-" "Mozilla/5.0 (Windows NT 10.0; Win64; x64) AppleWebKit/537.36 (KHTML, like Gecko) Chrome/73.0.3683.86 Safari/537.36"
::ffff:127.0.0.1 - - [04/Apr/2019:00:05:47 +0000] "GET /images/1554079036367artbook.jpg HTTP/1.1" 404 170 "-" "Mozilla/5.0 (Windows NT 10.0; Win64; x64) AppleWebKit/537.36 (KHTML, like Gecko) Chrome/73.0.3683.86 Safari/537.36"
::ffff:127.0.0.1 - - [04/Apr/2019:00:08:50 +0000] "GET /images/1554079036367artbook.jpg HTTP/1.1" 404 170 "-" "Mozilla/5.0 (Windows NT 10.0; Win64; x64) AppleWebKit/537.36 (KHTML, like Gecko) Chrome/73.0.3683.86 Safari/537.36"
::ffff:127.0.0.1 - - [04/Apr/2019:00:08:51 +0000] "GET /images/1554079036367artbook.jpg HTTP/1.1" 404 170 "-" "Mozilla/5.0 (Windows NT 10.0; Win64; x64) AppleWebKit/537.36 (KHTML, like Gecko) Chrome/73.0.3683.86 Safari/537.36"
::ffff:127.0.0.1 - - [04/Apr/2019:00:08:52 +0000] "GET /images/1554079036367artbook.jpg HTTP/1.1" 404 170 "-" "Mozilla/5.0 (Windows NT 10.0; Win64; x64) AppleWebKit/537.36 (KHTML, like Gecko) Chrome/73.0.3683.86 Safari/537.36"
::ffff:127.0.0.1 - - [04/Apr/2019:00:08:52 +0000] "GET /images/1554079036367artbook.jpg HTTP/1.1" 404 170 "-" "Mozilla/5.0 (Windows NT 10.0; Win64; x64) AppleWebKit/537.36 (KHTML, like Gecko) Chrome/73.0.3683.86 Safari/537.36"
::ffff:127.0.0.1 - - [04/Apr/2019:00:08:55 +0000] "GET /images/ HTTP/1.1" 404 146 "-" "Mozilla/5.0 (Windows NT 10.0; Win64; x64) AppleWebKit/537.36 (KHTML, like Gecko) Chrome/73.0.3683.86 Safari/537.36"
::ffff:127.0.0.1 - - [04/Apr/2019:00:10:04 +0000] "GET /images/ HTTP/1.1" 404 146 "-" "Mozilla/5.0 (Windows NT 10.0; Win64; x64) AppleWebKit/537.36 (KHTML, like Gecko) Chrome/73.0.3683.86 Safari/537.36"
::ffff:127.0.0.1 - - [04/Apr/2019:00:10:17 +0000] "GET /images/1554079036367artbook.jpg HTTP/1.1" 404 170 "-" "Mozilla/5.0 (Windows NT 10.0; Win64; x64) AppleWebKit/537.36 (KHTML, like Gecko) Chrome/73.0.3683.86 Safari/537.36"
::ffff:127.0.0.1 - - [04/Apr/2019:00:10:18 +0000] "GET /images/1554079036367artbook.jpg HTTP/1.1" 404 170 "-" "Mozilla/5.0 (Windows NT 10.0; Win64; x64) AppleWebKit/537.36 (KHTML, like Gecko) Chrome/73.0.3683.86 Safari/537.36"
::ffff:127.0.0.1 - - [04/Apr/2019:00:10:18 +0000] "GET /images/1554079036367artbook.jpg HTTP/1.1" 404 170 "-" "Mozilla/5.0 (Windows NT 10.0; Win64; x64) AppleWebKit/537.36 (KHTML, like Gecko) Chrome/73.0.3683.86 Safari/537.36"
::ffff:127.0.0.1 - - [04/Apr/2019:00:10:18 +0000] "GET /images/1554079036367artbook.jpg HTTP/1.1" 404 170 "-" "Mozilla/5.0 (Windows NT 10.0; Win64; x64) AppleWebKit/537.36 (KHTML, like Gecko) Chrome/73.0.3683.86 Safari/537.36"
::ffff:127.0.0.1 - - [04/Apr/2019:00:11:49 +0000] "GET /images/ HTTP/1.1" 404 146 "-" "Mozilla/5.0 (Windows NT 10.0; Win64; x64) AppleWebKit/537.36 (KHTML, like Gecko) Chrome/73.0.3683.86 Safari/537.36"
::ffff:127.0.0.1 - - [04/Apr/2019:00:12:31 +0000] "GET /1554079036367artbook.jpg HTTP/1.1" 404 163 "-" "Mozilla/5.0 (Windows NT 10.0; Win64; x64) AppleWebKit/537.36 (KHTML, like Gecko) Chrome/73.0.3683.86 Safari/537.36"
::ffff:127.0.0.1 - - [04/Apr/2019:00:12:48 +0000] "GET /1554079036367artbook.jpg HTTP/1.1" 404 163 "-" "Mozilla/5.0 (Windows NT 10.0; Win64; x64) AppleWebKit/537.36 (KHTML, like Gecko) Chrome/73.0.3683.86 Safari/537.36"
::ffff:127.0.0.1 - - [04/Apr/2019:00:12:51 +0000] "GET /images/ HTTP/1.1" 404 146 "-" "Mozilla/5.0 (Windows NT 10.0; Win64; x64) AppleWebKit/537.36 (KHTML, like Gecko) Chrome/73.0.3683.86 Safari/537.36"
::ffff:127.0.0.1 - - [04/Apr/2019:00:14:24 +0000] "GET /images/ HTTP/1.1" 404 146 "-" "Mozilla/5.0 (Windows NT 10.0; Win64; x64) AppleWebKit/537.36 (KHTML, like Gecko) Chrome/73.0.3683.86 Safari/537.36"
::ffff:127.0.0.1 - - [04/Apr/2019:00:14:32 +0000] "GET /images/1554079036367artbook.jpg HTTP/1.1" 404 170 "-" "Mozilla/5.0 (Windows NT 10.0; Win64; x64) AppleWebKit/537.36 (KHTML, like Gecko) Chrome/73.0.3683.86 Safari/537.36"
::ffff:127.0.0.1 - - [04/Apr/2019:00:15:08 +0000] "GET /images/1554079036367artbook.jpg HTTP/1.1" 404 170 "-" "Mozilla/5.0 (Windows NT 10.0; Win64; x64) AppleWebKit/537.36 (KHTML, like Gecko) Chrome/73.0.3683.86 Safari/537.36"
::ffff:127.0.0.1 - - [04/Apr/2019:00:15:09 +0000] "GET /images/1554079036367artbook.jpg HTTP/1.1" 404 170 "-" "Mozilla/5.0 (Windows NT 10.0; Win64; x64) AppleWebKit/537.36 (KHTML, like Gecko) Chrome/73.0.3683.86 Safari/537.36"
::ffff:127.0.0.1 - - [04/Apr/2019:00:15:11 +0000] "GET /images/ HTTP/1.1" 404 146 "-" "Mozilla/5.0 (Windows NT 10.0; Win64; x64) AppleWebKit/537.36 (KHTML, like Gecko) Chrome/73.0.3683.86 Safari/537.36"
::ffff:127.0.0.1 - - [04/Apr/2019:00:15:36 +0000] "GET /images/ HTTP/1.1" 404 146 "-" "Mozilla/5.0 (Windows NT 10.0; Win64; x64) AppleWebKit/537.36 (KHTML, like Gecko) Chrome/73.0.3683.86 Safari/537.36"
::ffff:127.0.0.1 - - [04/Apr/2019:00:15:39 +0000] "GET /1554079036367artbook.jpg HTTP/1.1" 404 163 "-" "Mozilla/5.0 (Windows NT 10.0; Win64; x64) AppleWebKit/537.36 (KHTML, like Gecko) Chrome/73.0.3683.86 Safari/537.36"
::ffff:127.0.0.1 - - [04/Apr/2019:00:15:42 +0000] "GET /1554079036367artbook.jpg HTTP/1.1" 404 163 "-" "Mozilla/5.0 (Windows NT 10.0; Win64; x64) AppleWebKit/537.36 (KHTML, like Gecko) Chrome/73.0.3683.86 Safari/537.36"
::ffff:127.0.0.1 - - [04/Apr/2019:00:15:43 +0000] "GET /1554079036367artbook.jpg HTTP/1.1" 404 163 "-" "Mozilla/5.0 (Windows NT 10.0; Win64; x64) AppleWebKit/537.36 (KHTML, like Gecko) Chrome/73.0.3683.86 Safari/537.36"
::ffff:127.0.0.1 - - [04/Apr/2019:00:16:03 +0000] "GET /1554079036367artbook HTTP/1.1" 404 159 "-" "Mozilla/5.0 (Windows NT 10.0; Win64; x64) AppleWebKit/537.36 (KHTML, like Gecko) Chrome/73.0.3683.86 Safari/537.36"
::ffff:127.0.0.1 - - [04/Apr/2019:00:16:07 +0000] "GET /1554076706146artbook HTTP/1.1" 404 159 "-" "Mozilla/5.0 (Windows NT 10.0; Win64; x64) AppleWebKit/537.36 (KHTML, like Gecko) Chrome/73.0.3683.86 Safari/537.36"
::ffff:127.0.0.1 - - [04/Apr/2019:00:16:12 +0000] "GET /images/1554076706146artbook HTTP/1.1" 404 166 "-" "Mozilla/5.0 (Windows NT 10.0; Win64; x64) AppleWebKit/537.36 (KHTML, like Gecko) Chrome/73.0.3683.86 Safari/537.36"
::ffff:127.0.0.1 - - [04/Apr/2019:00:16:18 +0000] "GET /images/1554076706146artbook.jpg HTTP/1.1" 404 170 "-" "Mozilla/5.0 (Windows NT 10.0; Win64; x64) AppleWebKit/537.36 (KHTML, like Gecko) Chrome/73.0.3683.86 Safari/537.36"
::ffff:127.0.0.1 - - [04/Apr/2019:00:21:01 +0000] "GET /images/ HTTP/1.1" 404 146 "-" "Mozilla/5.0 (Windows NT 10.0; Win64; x64) AppleWebKit/537.36 (KHTML, like Gecko) Chrome/73.0.3683.86 Safari/537.36"
::ffff:127.0.0.1 - - [04/Apr/2019:00:21:04 +0000] "GET /images/ HTTP/1.1" 404 146 "-" "Mozilla/5.0 (Windows NT 10.0; Win64; x64) AppleWebKit/537.36 (KHTML, like Gecko) Chrome/73.0.3683.86 Safari/537.36"
::ffff:127.0.0.1 - - [04/Apr/2019:00:21:35 +0000] "GET /images/ HTTP/1.1" 404 146 "-" "Mozilla/5.0 (Windows NT 10.0; Win64; x64) AppleWebKit/537.36 (KHTML, like Gecko) Chrome/73.0.3683.86 Safari/537.36"
::ffff:127.0.0.1 - - [04/Apr/2019:00:21:46 +0000] "GET /api/images HTTP/1.1" 404 149 "-" "Mozilla/5.0 (Windows NT 10.0; Win64; x64) AppleWebKit/537.36 (KHTML, like Gecko) Chrome/73.0.3683.86 Safari/537.36"
::ffff:127.0.0.1 - - [04/Apr/2019:00:21:50 +0000] "GET /api/books HTTP/1.1" 304 - "-" "Mozilla/5.0 (Windows NT 10.0; Win64; x64) AppleWebKit/537.36 (KHTML, like Gecko) Chrome/73.0.3683.86 Safari/537.36"
::ffff:127.0.0.1 - - [04/Apr/2019:00:22:48 +0000] "GET /api/books/images HTTP/1.1" - - "-" "Mozilla/5.0 (Windows NT 10.0; Win64; x64) AppleWebKit/537.36 (KHTML, like Gecko) Chrome/73.0.3683.86 Safari/537.36"
::ffff:127.0.0.1 - - [04/Apr/2019:00:25:05 +0000] "GET /api/books/images HTTP/1.1" - - "-" "Mozilla/5.0 (Windows NT 10.0; Win64; x64) AppleWebKit/537.36 (KHTML, like Gecko) Chrome/73.0.3683.86 Safari/537.36"
::ffff:127.0.0.1 - - [04/Apr/2019:00:25:05 +0000] "GET /api/books/images/1554063129860artbook.jpg HTTP/1.1" 404 180 "-" "Mozilla/5.0 (Windows NT 10.0; Win64; x64) AppleWebKit/537.36 (KHTML, like Gecko) Chrome/73.0.3683.86 Safari/537.36"
::ffff:127.0.0.1 - - [04/Apr/2019:00:43:12 +0000] "GET /api/books HTTP/1.1" 304 - "-" "Mozilla/5.0 (Windows NT 10.0; Win64; x64) AppleWebKit/537.36 (KHTML, like Gecko) Chrome/73.0.3683.86 Safari/537.36"
::ffff:127.0.0.1 - - [04/Apr/2019:03:59:10 +0000] "GET /api/books HTTP/1.1" 304 - "-" "Mozilla/5.0 (Windows NT 10.0; Win64; x64) AppleWebKit/537.36 (KHTML, like Gecko) Chrome/73.0.3683.86 Safari/537.36"
::1 - - [04/Apr/2019:04:41:14 +0000] "POST /api/customers HTTP/1.1" 200 95 "-" "PostmanRuntime/7.6.1"
::1 - - [04/Apr/2019:05:00:29 +0000] "POST /api/customers HTTP/1.1" 200 95 "-" "PostmanRuntime/7.6.1"
::1 - - [04/Apr/2019:05:01:12 +0000] "POST /api/customers HTTP/1.1" 200 95 "-" "PostmanRuntime/7.6.1"
::1 - - [04/Apr/2019:05:01:31 +0000] "POST /api/customers HTTP/1.1" 200 97 "-" "PostmanRuntime/7.6.1"
::ffff:127.0.0.1 - - [04/Apr/2019:16:39:02 +0000] "GET /api/genres HTTP/1.1" 200 2 "-" "node-superagent/3.8.3"
::ffff:127.0.0.1 - - [04/Apr/2019:16:48:25 +0000] "GET /api/genres HTTP/1.1" 200 2 "-" "node-superagent/3.8.3"
::ffff:127.0.0.1 - - [04/Apr/2019:16:50:42 +0000] "GET /api/genres HTTP/1.1" 200 2 "-" "node-superagent/3.8.3"
::ffff:127.0.0.1 - - [04/Apr/2019:17:00:05 +0000] "GET /api/genres HTTP/1.1" 200 2 "-" "node-superagent/3.8.3"
::ffff:127.0.0.1 - - [04/Apr/2019:17:06:09 +0000] "GET /api/genres HTTP/1.1" 200 2 "-" "node-superagent/3.8.3"
::ffff:127.0.0.1 - - [04/Apr/2019:17:07:09 +0000] "GET /api/genres HTTP/1.1" 200 2 "-" "node-superagent/3.8.3"
::ffff:127.0.0.1 - - [04/Apr/2019:17:25:02 +0000] "GET /api/genres HTTP/1.1" 200 104 "-" "node-superagent/3.8.3"
::ffff:127.0.0.1 - - [04/Apr/2019:17:25:40 +0000] "GET /api/genres HTTP/1.1" 200 207 "-" "node-superagent/3.8.3"
::ffff:127.0.0.1 - - [04/Apr/2019:17:28:23 +0000] "GET /api/genres HTTP/1.1" 200 310 "-" "node-superagent/3.8.3"
::ffff:127.0.0.1 - - [04/Apr/2019:17:29:11 +0000] "GET /api/genres HTTP/1.1" 200 104 "-" "node-superagent/3.8.3"
::ffff:127.0.0.1 - - [04/Apr/2019:17:29:43 +0000] "GET /api/genres HTTP/1.1" 200 104 "-" "node-superagent/3.8.3"
::ffff:127.0.0.1 - - [04/Apr/2019:17:35:08 +0000] "GET /api/genres HTTP/1.1" 200 104 "-" "node-superagent/3.8.3"
::ffff:127.0.0.1 - - [04/Apr/2019:17:35:54 +0000] "GET /api/genres HTTP/1.1" 200 104 "-" "node-superagent/3.8.3"
::ffff:127.0.0.1 - - [04/Apr/2019:17:36:34 +0000] "GET /api/genres HTTP/1.1" 200 104 "-" "node-superagent/3.8.3"
::ffff:127.0.0.1 - - [04/Apr/2019:17:37:21 +0000] "GET /api/genres HTTP/1.1" 200 104 "-" "node-superagent/3.8.3"
::ffff:127.0.0.1 - - [04/Apr/2019:17:37:48 +0000] "GET /api/genres HTTP/1.1" 200 104 "-" "node-superagent/3.8.3"
::ffff:127.0.0.1 - - [04/Apr/2019:17:38:16 +0000] "GET /api/genres HTTP/1.1" 200 104 "-" "node-superagent/3.8.3"
::ffff:127.0.0.1 - - [04/Apr/2019:17:38:37 +0000] "GET /api/genres HTTP/1.1" 200 104 "-" "node-superagent/3.8.3"
::ffff:127.0.0.1 - - [04/Apr/2019:18:40:47 +0000] "GET /api/genres HTTP/1.1" 200 104 "-" "node-superagent/3.8.3"
::ffff:127.0.0.1 - - [04/Apr/2019:18:43:29 +0000] "GET /api/genres HTTP/1.1" 200 104 "-" "node-superagent/3.8.3"
::ffff:127.0.0.1 - - [04/Apr/2019:18:44:09 +0000] "GET /api/genres HTTP/1.1" 200 104 "-" "node-superagent/3.8.3"
::ffff:127.0.0.1 - - [04/Apr/2019:18:45:16 +0000] "GET /api/genres HTTP/1.1" 200 104 "-" "node-superagent/3.8.3"
::ffff:127.0.0.1 - - [04/Apr/2019:18:48:55 +0000] "GET /api/genres HTTP/1.1" 200 104 "-" "node-superagent/3.8.3"
::ffff:127.0.0.1 - - [04/Apr/2019:18:49:09 +0000] "GET /api/genres HTTP/1.1" 200 104 "-" "node-superagent/3.8.3"
::ffff:127.0.0.1 - - [04/Apr/2019:18:55:55 +0000] "GET /api/genres HTTP/1.1" 200 104 "-" "node-superagent/3.8.3"
::ffff:127.0.0.1 - - [04/Apr/2019:18:56:33 +0000] "GET /api/genres HTTP/1.1" 200 104 "-" "node-superagent/3.8.3"
::ffff:127.0.0.1 - - [04/Apr/2019:19:03:02 +0000] "GET /api/genres HTTP/1.1" 200 104 "-" "node-superagent/3.8.3"
::ffff:127.0.0.1 - - [04/Apr/2019:19:06:59 +0000] "GET /api/genres HTTP/1.1" 200 104 "-" "node-superagent/3.8.3"
::ffff:127.0.0.1 - - [04/Apr/2019:19:13:16 +0000] "GET /api/genres HTTP/1.1" 200 104 "-" "node-superagent/3.8.3"
::ffff:127.0.0.1 - - [04/Apr/2019:19:13:16 +0000] "GET /api/genres/5ca6574cbf23b2738447eee8 HTTP/1.1" 200 58 "-" "node-superagent/3.8.3"
::ffff:127.0.0.1 - - [04/Apr/2019:19:14:45 +0000] "GET /api/genres HTTP/1.1" 200 104 "-" "node-superagent/3.8.3"
::ffff:127.0.0.1 - - [04/Apr/2019:19:15:55 +0000] "GET /api/genres HTTP/1.1" 200 104 "-" "node-superagent/3.8.3"
::ffff:127.0.0.1 - - [04/Apr/2019:19:16:40 +0000] "GET /api/genres HTTP/1.1" 200 104 "-" "node-superagent/3.8.3"
::ffff:127.0.0.1 - - [04/Apr/2019:19:16:40 +0000] "GET /api/genres/5ca65818550aa99c2c07a0d8 HTTP/1.1" 200 58 "-" "node-superagent/3.8.3"
::ffff:127.0.0.1 - - [04/Apr/2019:19:17:52 +0000] "GET /api/genres HTTP/1.1" 200 104 "-" "node-superagent/3.8.3"
::ffff:127.0.0.1 - - [04/Apr/2019:19:17:52 +0000] "GET /api/genres/5ca65860a974a24d2c5b7cda HTTP/1.1" 200 58 "-" "node-superagent/3.8.3"
::ffff:127.0.0.1 - - [04/Apr/2019:19:28:04 +0000] "GET /api/genres HTTP/1.1" 200 104 "-" "node-superagent/3.8.3"
::ffff:127.0.0.1 - - [04/Apr/2019:19:28:04 +0000] "GET /api/genres/5ca65ac4b618139cc4ceb5a2 HTTP/1.1" 200 58 "-" "node-superagent/3.8.3"
::ffff:127.0.0.1 - - [04/Apr/2019:19:30:29 +0000] "GET /api/genres HTTP/1.1" 200 104 "-" "node-superagent/3.8.3"
::ffff:127.0.0.1 - - [04/Apr/2019:19:30:29 +0000] "GET /api/genres/5ca65b5552be0303604354ef HTTP/1.1" 200 58 "-" "node-superagent/3.8.3"
::ffff:127.0.0.1 - - [04/Apr/2019:19:32:22 +0000] "GET /api/genres HTTP/1.1" 200 104 "-" "node-superagent/3.8.3"
::ffff:127.0.0.1 - - [04/Apr/2019:19:32:22 +0000] "GET /api/genres/5ca65bc6854db1709c371849 HTTP/1.1" 200 58 "-" "node-superagent/3.8.3"
::ffff:127.0.0.1 - - [04/Apr/2019:19:34:16 +0000] "GET /api/genres HTTP/1.1" 200 104 "-" "node-superagent/3.8.3"
::ffff:127.0.0.1 - - [04/Apr/2019:19:34:16 +0000] "GET /api/genres/5ca65c3880cd210c7cd00648 HTTP/1.1" 200 58 "-" "node-superagent/3.8.3"
::ffff:127.0.0.1 - - [04/Apr/2019:19:39:00 +0000] "GET /api/genres HTTP/1.1" 200 104 "-" "node-superagent/3.8.3"
::ffff:127.0.0.1 - - [04/Apr/2019:19:39:00 +0000] "GET /api/genres/5ca65d542f8fa6390c88390f HTTP/1.1" 200 58 "-" "node-superagent/3.8.3"
::ffff:127.0.0.1 - - [04/Apr/2019:19:40:56 +0000] "GET /api/genres HTTP/1.1" 200 104 "-" "node-superagent/3.8.3"
::ffff:127.0.0.1 - - [04/Apr/2019:19:40:56 +0000] "GET /api/genres/5ca65dc87410eb42085df4a3 HTTP/1.1" 200 58 "-" "node-superagent/3.8.3"
::ffff:127.0.0.1 - - [04/Apr/2019:19:41:39 +0000] "GET /api/genres HTTP/1.1" 200 104 "-" "node-superagent/3.8.3"
::ffff:127.0.0.1 - - [04/Apr/2019:19:41:39 +0000] "GET /api/genres/5ca65df33400d426689f7630 HTTP/1.1" 200 58 "-" "node-superagent/3.8.3"
::ffff:127.0.0.1 - - [04/Apr/2019:19:43:24 +0000] "GET /api/genres HTTP/1.1" 200 104 "-" "node-superagent/3.8.3"
::ffff:127.0.0.1 - - [04/Apr/2019:19:43:24 +0000] "GET /api/genres/5ca65e5ce286108bf4ab304e HTTP/1.1" 200 58 "-" "node-superagent/3.8.3"
::ffff:127.0.0.1 - - [04/Apr/2019:19:44:01 +0000] "GET /api/genres HTTP/1.1" 200 104 "-" "node-superagent/3.8.3"
::ffff:127.0.0.1 - - [04/Apr/2019:19:44:01 +0000] "GET /api/genres/5ca65e81e9a0158554e9e603 HTTP/1.1" 200 58 "-" "node-superagent/3.8.3"
::ffff:127.0.0.1 - - [04/Apr/2019:19:44:32 +0000] "GET /api/genres HTTP/1.1" 200 104 "-" "node-superagent/3.8.3"
::ffff:127.0.0.1 - - [04/Apr/2019:19:44:32 +0000] "GET /api/genres/5ca65ea042821c7bb816fcc5 HTTP/1.1" 200 58 "-" "node-superagent/3.8.3"
::ffff:127.0.0.1 - - [04/Apr/2019:19:48:08 +0000] "GET /api/genres HTTP/1.1" 404 10 "-" "node-superagent/3.8.3"
::ffff:127.0.0.1 - - [04/Apr/2019:19:48:10 +0000] "GET /api/genres/5ca65f7a1e03954b101dc9f4 HTTP/1.1" 200 58 "-" "node-superagent/3.8.3"
::ffff:127.0.0.1 - - [04/Apr/2019:19:49:15 +0000] "GET /api/genres HTTP/1.1" 200 104 "-" "node-superagent/3.8.3"
::ffff:127.0.0.1 - - [04/Apr/2019:19:49:15 +0000] "GET /api/genres/5ca65fbb231f036d70a094b1 HTTP/1.1" 200 58 "-" "node-superagent/3.8.3"
::ffff:127.0.0.1 - - [04/Apr/2019:19:49:15 +0000] "GET /api/genres/21 HTTP/1.1" 404 10 "-" "node-superagent/3.8.3"
::ffff:127.0.0.1 - - [04/Apr/2019:20:11:27 +0000] "GET /api/genres HTTP/1.1" 200 104 "-" "node-superagent/3.8.3"
::ffff:127.0.0.1 - - [04/Apr/2019:20:11:27 +0000] "GET /api/genres/5ca664eff5cbaa68d0f22aa4 HTTP/1.1" 200 58 "-" "node-superagent/3.8.3"
::ffff:127.0.0.1 - - [04/Apr/2019:20:11:27 +0000] "GET /api/genres/21 HTTP/1.1" 404 10 "-" "node-superagent/3.8.3"
::ffff:127.0.0.1 - - [04/Apr/2019:20:12:40 +0000] "GET /api/genres HTTP/1.1" 200 104 "-" "node-superagent/3.8.3"
::ffff:127.0.0.1 - - [04/Apr/2019:20:12:40 +0000] "GET /api/genres/5ca6653889d9733ab0fc187b HTTP/1.1" 200 58 "-" "node-superagent/3.8.3"
::ffff:127.0.0.1 - - [04/Apr/2019:20:12:40 +0000] "GET /api/genres/21 HTTP/1.1" 404 10 "-" "node-superagent/3.8.3"
::ffff:127.0.0.1 - - [04/Apr/2019:20:12:59 +0000] "GET /api/genres HTTP/1.1" 200 104 "-" "node-superagent/3.8.3"
::ffff:127.0.0.1 - - [04/Apr/2019:20:12:59 +0000] "GET /api/genres/5ca6654b2b2b30962cbfc0af HTTP/1.1" 200 58 "-" "node-superagent/3.8.3"
::ffff:127.0.0.1 - - [04/Apr/2019:20:12:59 +0000] "GET /api/genres/21 HTTP/1.1" 404 10 "-" "node-superagent/3.8.3"
::ffff:127.0.0.1 - - [04/Apr/2019:20:14:37 +0000] "GET /api/genres HTTP/1.1" 200 104 "-" "node-superagent/3.8.3"
::ffff:127.0.0.1 - - [04/Apr/2019:20:14:37 +0000] "GET /api/genres/5ca665ad6b7f8880fc758905 HTTP/1.1" 200 58 "-" "node-superagent/3.8.3"
::ffff:127.0.0.1 - - [04/Apr/2019:20:14:37 +0000] "GET /api/genres/21 HTTP/1.1" 404 10 "-" "node-superagent/3.8.3"
::ffff:127.0.0.1 - - [04/Apr/2019:20:22:15 +0000] "GET /api/genres HTTP/1.1" 200 104 "-" "node-superagent/3.8.3"
::ffff:127.0.0.1 - - [04/Apr/2019:20:22:15 +0000] "GET /api/genres/5ca66777421c3e74ec4d2230 HTTP/1.1" 200 58 "-" "node-superagent/3.8.3"
::ffff:127.0.0.1 - - [04/Apr/2019:20:22:15 +0000] "GET /api/genres/21 HTTP/1.1" 404 10 "-" "node-superagent/3.8.3"
::ffff:127.0.0.1 - - [04/Apr/2019:20:22:43 +0000] "GET /api/genres HTTP/1.1" 200 104 "-" "node-superagent/3.8.3"
::ffff:127.0.0.1 - - [04/Apr/2019:20:22:43 +0000] "GET /api/genres/5ca66793f97abb4bb0c11a1c HTTP/1.1" 200 58 "-" "node-superagent/3.8.3"
::ffff:127.0.0.1 - - [04/Apr/2019:20:22:43 +0000] "GET /api/genres/21 HTTP/1.1" 404 10 "-" "node-superagent/3.8.3"
::ffff:127.0.0.1 - - [04/Apr/2019:20:30:55 +0000] "GET /api/genres HTTP/1.1" 200 104 "-" "node-superagent/3.8.3"
::ffff:127.0.0.1 - - [04/Apr/2019:20:30:55 +0000] "GET /api/genres/5ca6697f94dd12994c1dfcf4 HTTP/1.1" 200 57 "-" "node-superagent/3.8.3"
::ffff:127.0.0.1 - - [04/Apr/2019:20:30:55 +0000] "GET /api/genres/21 HTTP/1.1" 404 10 "-" "node-superagent/3.8.3"
::ffff:127.0.0.1 - - [04/Apr/2019:20:31:48 +0000] "GET /api/genres HTTP/1.1" 200 104 "-" "node-superagent/3.8.3"
::ffff:127.0.0.1 - - [04/Apr/2019:20:31:48 +0000] "GET /api/genres/5ca669b4bebf5d72b48fd421 HTTP/1.1" 200 57 "-" "node-superagent/3.8.3"
::ffff:127.0.0.1 - - [04/Apr/2019:20:31:48 +0000] "GET /api/genres/21 HTTP/1.1" 404 10 "-" "node-superagent/3.8.3"
::ffff:127.0.0.1 - - [04/Apr/2019:20:33:00 +0000] "GET /api/genres HTTP/1.1" 200 104 "-" "node-superagent/3.8.3"
::ffff:127.0.0.1 - - [04/Apr/2019:20:33:00 +0000] "GET /api/genres/5ca669fcd66a1e83cc06e842 HTTP/1.1" 200 57 "-" "node-superagent/3.8.3"
::ffff:127.0.0.1 - - [04/Apr/2019:20:33:00 +0000] "GET /api/genres/21 HTTP/1.1" 404 10 "-" "node-superagent/3.8.3"
::ffff:127.0.0.1 - - [04/Apr/2019:20:33:49 +0000] "GET /api/genres HTTP/1.1" 200 104 "-" "node-superagent/3.8.3"
::ffff:127.0.0.1 - - [04/Apr/2019:20:33:49 +0000] "GET /api/genres/5ca66a2d4cdfbf942498a4d1 HTTP/1.1" 200 57 "-" "node-superagent/3.8.3"
::ffff:127.0.0.1 - - [04/Apr/2019:20:33:49 +0000] "GET /api/genres/21 HTTP/1.1" 404 10 "-" "node-superagent/3.8.3"
::ffff:127.0.0.1 - - [04/Apr/2019:20:58:04 +0000] "GET /api/genres HTTP/1.1" 200 104 "-" "node-superagent/3.8.3"
::ffff:127.0.0.1 - - [04/Apr/2019:20:58:04 +0000] "GET /api/genres/5ca66fdc3c33325570d6bb84 HTTP/1.1" 200 57 "-" "node-superagent/3.8.3"
::ffff:127.0.0.1 - - [04/Apr/2019:20:58:04 +0000] "GET /api/genres/21 HTTP/1.1" 404 10 "-" "node-superagent/3.8.3"
::ffff:127.0.0.1 - - [04/Apr/2019:20:58:39 +0000] "GET /api/genres HTTP/1.1" 200 104 "-" "node-superagent/3.8.3"
::ffff:127.0.0.1 - - [04/Apr/2019:20:58:40 +0000] "GET /api/genres/5ca66fff2fe09a1dfc76bfd9 HTTP/1.1" 200 57 "-" "node-superagent/3.8.3"
::ffff:127.0.0.1 - - [04/Apr/2019:20:58:40 +0000] "GET /api/genres/21 HTTP/1.1" 404 10 "-" "node-superagent/3.8.3"
::ffff:127.0.0.1 - - [13/Apr/2019:20:40:57 +0000] "GET /api/genres HTTP/1.1" 200 2 "-" "Mozilla/5.0 (Windows NT 10.0; Win64; x64) AppleWebKit/537.36 (KHTML, like Gecko) Chrome/73.0.3683.103 Safari/537.36"
::ffff:127.0.0.1 - - [13/Apr/2019:20:41:06 +0000] "GET /api/genres HTTP/1.1" 304 - "-" "Mozilla/5.0 (Windows NT 10.0; Win64; x64) AppleWebKit/537.36 (KHTML, like Gecko) Chrome/73.0.3683.103 Safari/537.36"
::ffff:127.0.0.1 - - [13/Apr/2019:20:41:15 +0000] "GET /api/books HTTP/1.1" 200 1244 "-" "Mozilla/5.0 (Windows NT 10.0; Win64; x64) AppleWebKit/537.36 (KHTML, like Gecko) Chrome/73.0.3683.103 Safari/537.36"
::ffff:127.0.0.1 - - [13/Apr/2019:20:48:55 +0000] "GET /api/books HTTP/1.1" 304 - "-" "Mozilla/5.0 (Windows NT 10.0; Win64; x64) AppleWebKit/537.36 (KHTML, like Gecko) Chrome/73.0.3683.103 Safari/537.36"
::ffff:127.0.0.1 - - [13/Apr/2019:22:09:07 +0000] "GET /api/books HTTP/1.1" - - "-" "Mozilla/5.0 (Windows NT 10.0; Win64; x64) AppleWebKit/537.36 (KHTML, like Gecko) Chrome/73.0.3683.103 Safari/537.36"
::ffff:127.0.0.1 - - [13/Apr/2019:22:11:07 +0000] "GET /api/books HTTP/1.1" - - "-" "Mozilla/5.0 (Windows NT 10.0; Win64; x64) AppleWebKit/537.36 (KHTML, like Gecko) Chrome/73.0.3683.103 Safari/537.36"
::ffff:127.0.0.1 - - [14/Apr/2019:00:10:38 +0000] "GET /api/books HTTP/1.1" - - "-" "Mozilla/5.0 (Windows NT 10.0; Win64; x64) AppleWebKit/537.36 (KHTML, like Gecko) Chrome/73.0.3683.103 Safari/537.36"
::ffff:127.0.0.1 - - [14/Apr/2019:00:10:48 +0000] "GET /api/books HTTP/1.1" - - "-" "Mozilla/5.0 (Windows NT 10.0; Win64; x64) AppleWebKit/537.36 (KHTML, like Gecko) Chrome/73.0.3683.103 Safari/537.36"
::1 - - [14/Apr/2019:00:10:48 +0000] "GET / HTTP/1.1" 404 21 "-" "Mozilla/5.0 (Windows NT 10.0; Win64; x64) AppleWebKit/537.36 (KHTML, like Gecko) Chrome/73.0.3683.103 Safari/537.36"
::1 - - [14/Apr/2019:00:10:54 +0000] "GET /1554063129860artbook HTTP/1.1" 404 21 "-" "Mozilla/5.0 (Windows NT 10.0; Win64; x64) AppleWebKit/537.36 (KHTML, like Gecko) Chrome/73.0.3683.103 Safari/537.36"
::1 - - [14/Apr/2019:00:11:04 +0000] "GET /api/1554063129860artbook HTTP/1.1" 404 21 "-" "Mozilla/5.0 (Windows NT 10.0; Win64; x64) AppleWebKit/537.36 (KHTML, like Gecko) Chrome/73.0.3683.103 Safari/537.36"
::1 - - [14/Apr/2019:00:11:14 +0000] "GET /api/books HTTP/1.1" - - "-" "Mozilla/5.0 (Windows NT 10.0; Win64; x64) AppleWebKit/537.36 (KHTML, like Gecko) Chrome/73.0.3683.103 Safari/537.36"
::1 - - [14/Apr/2019:00:16:06 +0000] "GET /api/books HTTP/1.1" 200 2 "-" "Mozilla/5.0 (Windows NT 10.0; Win64; x64) AppleWebKit/537.36 (KHTML, like Gecko) Chrome/73.0.3683.103 Safari/537.36"
::1 - - [14/Apr/2019:00:18:31 +0000] "GET /api/books HTTP/1.1" 304 - "-" "Mozilla/5.0 (Windows NT 10.0; Win64; x64) AppleWebKit/537.36 (KHTML, like Gecko) Chrome/73.0.3683.103 Safari/537.36"
::1 - - [14/Apr/2019:00:18:34 +0000] "GET /api/books HTTP/1.1" 304 - "-" "Mozilla/5.0 (Windows NT 10.0; Win64; x64) AppleWebKit/537.36 (KHTML, like Gecko) Chrome/73.0.3683.103 Safari/537.36"
::1 - - [14/Apr/2019:00:18:35 +0000] "GET /api/books HTTP/1.1" 304 - "-" "Mozilla/5.0 (Windows NT 10.0; Win64; x64) AppleWebKit/537.36 (KHTML, like Gecko) Chrome/73.0.3683.103 Safari/537.36"
::1 - - [14/Apr/2019:00:18:36 +0000] "GET /api/books HTTP/1.1" 304 - "-" "Mozilla/5.0 (Windows NT 10.0; Win64; x64) AppleWebKit/537.36 (KHTML, like Gecko) Chrome/73.0.3683.103 Safari/537.36"
::1 - - [14/Apr/2019:00:18:43 +0000] "GET /api/customers HTTP/1.1" 200 2 "-" "Mozilla/5.0 (Windows NT 10.0; Win64; x64) AppleWebKit/537.36 (KHTML, like Gecko) Chrome/73.0.3683.103 Safari/537.36"
::1 - - [14/Apr/2019:00:18:45 +0000] "GET /api/customers HTTP/1.1" 304 - "-" "Mozilla/5.0 (Windows NT 10.0; Win64; x64) AppleWebKit/537.36 (KHTML, like Gecko) Chrome/73.0.3683.103 Safari/537.36"
::1 - - [14/Apr/2019:00:27:57 +0000] "GET /api/customers HTTP/1.1" 304 - "-" "Mozilla/5.0 (Windows NT 10.0; Win64; x64) AppleWebKit/537.36 (KHTML, like Gecko) Chrome/73.0.3683.103 Safari/537.36"
::1 - - [14/Apr/2019:00:35:42 +0000] "GET /api/customers HTTP/1.1" 200 566 "-" "Mozilla/5.0 (Windows NT 10.0; Win64; x64) AppleWebKit/537.36 (KHTML, like Gecko) Chrome/73.0.3683.103 Safari/537.36"
::1 - - [14/Apr/2019:00:36:03 +0000] "GET /1554063129860artbook HTTP/1.1" 404 21 "-" "Mozilla/5.0 (Windows NT 10.0; Win64; x64) AppleWebKit/537.36 (KHTML, like Gecko) Chrome/73.0.3683.103 Safari/537.36"
::1 - - [14/Apr/2019:00:38:15 +0000] "GET /api/books HTTP/1.1" 200 1244 "-" "Mozilla/5.0 (Windows NT 10.0; Win64; x64) AppleWebKit/537.36 (KHTML, like Gecko) Chrome/73.0.3683.103 Safari/537.36"
::1 - - [14/Apr/2019:00:38:17 +0000] "GET /images/1554063129860artbook HTTP/1.1" 404 21 "-" "Mozilla/5.0 (Windows NT 10.0; Win64; x64) AppleWebKit/537.36 (KHTML, like Gecko) Chrome/73.0.3683.103 Safari/537.36"
::1 - - [14/Apr/2019:00:38:19 +0000] "GET /images/1554063129860artbook HTTP/1.1" 404 21 "-" "Mozilla/5.0 (Windows NT 10.0; Win64; x64) AppleWebKit/537.36 (KHTML, like Gecko) Chrome/73.0.3683.103 Safari/537.36"
::1 - - [14/Apr/2019:00:38:24 +0000] "GET /1554063129860artbook HTTP/1.1" 404 21 "-" "Mozilla/5.0 (Windows NT 10.0; Win64; x64) AppleWebKit/537.36 (KHTML, like Gecko) Chrome/73.0.3683.103 Safari/537.36"
::1 - - [14/Apr/2019:00:42:31 +0000] "GET /images/1554063129860artbook HTTP/1.1" 404 21 "-" "Mozilla/5.0 (Windows NT 10.0; Win64; x64) AppleWebKit/537.36 (KHTML, like Gecko) Chrome/73.0.3683.103 Safari/537.36"
::1 - - [14/Apr/2019:00:43:44 +0000] "GET /images/1554063129860artbook.jpg HTTP/1.1" 404 21 "-" "Mozilla/5.0 (Windows NT 10.0; Win64; x64) AppleWebKit/537.36 (KHTML, like Gecko) Chrome/73.0.3683.103 Safari/537.36"
::1 - - [14/Apr/2019:00:43:49 +0000] "GET /images/1554063129860artbook.jpg HTTP/1.1" 404 21 "-" "Mozilla/5.0 (Windows NT 10.0; Win64; x64) AppleWebKit/537.36 (KHTML, like Gecko) Chrome/73.0.3683.103 Safari/537.36"
::1 - - [14/Apr/2019:00:44:59 +0000] "GET /images//1554063129860artbook.jpg HTTP/1.1" 404 21 "-" "Mozilla/5.0 (Windows NT 10.0; Win64; x64) AppleWebKit/537.36 (KHTML, like Gecko) Chrome/73.0.3683.103 Safari/537.36"
::1 - - [14/Apr/2019:00:49:34 +0000] "GET /images//1554063129860artbook.jpg HTTP/1.1" 404 21 "-" "Mozilla/5.0 (Windows NT 10.0; Win64; x64) AppleWebKit/537.36 (KHTML, like Gecko) Chrome/73.0.3683.103 Safari/537.36"
::1 - - [14/Apr/2019:00:49:35 +0000] "GET /images//1554063129860artbook.jpg HTTP/1.1" 404 21 "-" "Mozilla/5.0 (Windows NT 10.0; Win64; x64) AppleWebKit/537.36 (KHTML, like Gecko) Chrome/73.0.3683.103 Safari/537.36"
::1 - - [14/Apr/2019:00:52:35 +0000] "GET /images/1554063129860artbook.jpg HTTP/1.1" 404 21 "-" "Mozilla/5.0 (Windows NT 10.0; Win64; x64) AppleWebKit/537.36 (KHTML, like Gecko) Chrome/73.0.3683.103 Safari/537.36"
::1 - - [14/Apr/2019:00:52:38 +0000] "GET /images/ HTTP/1.1" 404 21 "-" "Mozilla/5.0 (Windows NT 10.0; Win64; x64) AppleWebKit/537.36 (KHTML, like Gecko) Chrome/73.0.3683.103 Safari/537.36"
::1 - - [14/Apr/2019:00:52:41 +0000] "GET /images HTTP/1.1" 404 21 "-" "Mozilla/5.0 (Windows NT 10.0; Win64; x64) AppleWebKit/537.36 (KHTML, like Gecko) Chrome/73.0.3683.103 Safari/537.36"
::1 - - [14/Apr/2019:00:54:03 +0000] "GET /images/1554063129860artbook.jpg HTTP/1.1" 200 48277 "-" "Mozilla/5.0 (Windows NT 10.0; Win64; x64) AppleWebKit/537.36 (KHTML, like Gecko) Chrome/73.0.3683.103 Safari/537.36"
::1 - - [30/Aug/2019:01:08:18 +0000] "GET / HTTP/1.1" 404 21 "-" "Mozilla/5.0 (Windows NT 10.0; Win64; x64) AppleWebKit/537.36 (KHTML, like Gecko) Chrome/64.0.3282.140 Safari/537.36 Edge/17.17134"
::1 - - [30/Aug/2019:01:08:40 +0000] "GET /users HTTP/1.1" 404 21 "-" "Mozilla/5.0 (Windows NT 10.0; Win64; x64) AppleWebKit/537.36 (KHTML, like Gecko) Chrome/64.0.3282.140 Safari/537.36 Edge/17.17134"
::1 - - [30/Aug/2019:01:08:48 +0000] "GET /books HTTP/1.1" 404 21 "-" "Mozilla/5.0 (Windows NT 10.0; Win64; x64) AppleWebKit/537.36 (KHTML, like Gecko) Chrome/64.0.3282.140 Safari/537.36 Edge/17.17134"
